
 Run on time: 2021-04-26 01:04:36.906346

 Arguments: 
	 gpu                  : True
	 seed                 : 0
	 dataset              : MNIST
	 batch_size           : 64
	 architecture         : VGG5_wFeedback
	 learning_rate        : 0.0001
	 pretrained_ann       : 
	 pretrained_snn       : ./trained_models/snn/snn_vgg5_wfeedback_mnist_50_tradeoff1.0_typelast_t.pth
	 test_only            : True
	 log                  : True
	 epochs               : 2
	 lr_interval          : [1, 1, 1]
	 lr_reduce            : 10
	 timesteps            : 50
	 leak                 : 1.0
	 scaling_factor       : 0.7
	 default_threshold    : 1.0
	 activation           : Linear
	 alpha                : 0.3
	 beta                 : 0.01
	 optimizer            : Adam
	 weight_decay         : 0.0005
	 momentum             : 0.95
	 amsgrad              : True
	 dropout              : 0.3
	 kernel_size          : 3
	 test_acc_every_batch : False
	 train_acc_batches    : 200
	 devices              : 0
	 trade_off            : 1.0
	 trade_off_type       : last_t
	 epsilon              : 0.0
 Loaded module.features.0.weight from ./trained_models/snn/snn_vgg5_wfeedback_mnist_50_tradeoff1.0_typelast_t.pth
 Loaded module.features.2.weight from ./trained_models/snn/snn_vgg5_wfeedback_mnist_50_tradeoff1.0_typelast_t.pth
 Loaded module.features.3.weight from ./trained_models/snn/snn_vgg5_wfeedback_mnist_50_tradeoff1.0_typelast_t.pth
 Loaded module.features.6.weight from ./trained_models/snn/snn_vgg5_wfeedback_mnist_50_tradeoff1.0_typelast_t.pth
 Loaded module.features.8.weight from ./trained_models/snn/snn_vgg5_wfeedback_mnist_50_tradeoff1.0_typelast_t.pth
 Loaded module.generate.0.weight from ./trained_models/snn/snn_vgg5_wfeedback_mnist_50_tradeoff1.0_typelast_t.pth
 Loaded module.generate.1.weight from ./trained_models/snn/snn_vgg5_wfeedback_mnist_50_tradeoff1.0_typelast_t.pth
 Loaded module.generate.4.weight from ./trained_models/snn/snn_vgg5_wfeedback_mnist_50_tradeoff1.0_typelast_t.pth
 Loaded module.generate.6.weight from ./trained_models/snn/snn_vgg5_wfeedback_mnist_50_tradeoff1.0_typelast_t.pth
 Loaded module.generate.7.weight from ./trained_models/snn/snn_vgg5_wfeedback_mnist_50_tradeoff1.0_typelast_t.pth
 Loaded module.classifier.0.weight from ./trained_models/snn/snn_vgg5_wfeedback_mnist_50_tradeoff1.0_typelast_t.pth
 Loaded module.classifier.3.weight from ./trained_models/snn/snn_vgg5_wfeedback_mnist_50_tradeoff1.0_typelast_t.pth
 Loaded module.classifier.6.weight from ./trained_models/snn/snn_vgg5_wfeedback_mnist_50_tradeoff1.0_typelast_t.pth
 DataParallel(
  (module): VGG_SNN_STDB_wFeedback(
    (input_layer): PoissonGenerator()
    (features): Sequential(
      (0): Conv2d(1, 64, kernel_size=(3, 3), stride=(1, 1), padding=(1, 1), bias=False)
      (1): ReLU(inplace=True)
      (2): Conv2d(64, 64, kernel_size=(2, 2), stride=(2, 2), bias=False)
      (3): Conv2d(64, 128, kernel_size=(3, 3), stride=(1, 1), padding=(1, 1), bias=False)
      (4): ReLU(inplace=True)
      (5): Dropout(p=0.3, inplace=False)
      (6): Conv2d(128, 128, kernel_size=(3, 3), stride=(1, 1), padding=(1, 1), bias=False)
      (7): ReLU(inplace=True)
      (8): Conv2d(128, 128, kernel_size=(2, 2), stride=(2, 2), bias=False)
    )
    (generate): Sequential(
      (0): ConvTranspose2d(128, 128, kernel_size=(2, 2), stride=(2, 2), bias=False)
      (1): ConvTranspose2d(128, 128, kernel_size=(3, 3), stride=(1, 1), padding=(1, 1), bias=False)
      (2): LeakyReLU(negative_slope=0.01)
      (3): Dropout(p=0.3, inplace=False)
      (4): ConvTranspose2d(128, 64, kernel_size=(3, 3), stride=(1, 1), padding=(1, 1), bias=False)
      (5): LeakyReLU(negative_slope=0.01)
      (6): ConvTranspose2d(64, 64, kernel_size=(2, 2), stride=(2, 2), bias=False)
      (7): ConvTranspose2d(64, 1, kernel_size=(3, 3), stride=(1, 1), padding=(1, 1), bias=False)
      (8): Sigmoid()
    )
    (classifier): Sequential(
      (0): Linear(in_features=6272, out_features=4096, bias=False)
      (1): ReLU(inplace=True)
      (2): Dropout(p=0.5, inplace=False)
      (3): Linear(in_features=4096, out_features=4096, bias=False)
      (4): ReLU(inplace=True)
      (5): Dropout(p=0.5, inplace=False)
      (6): Linear(in_features=4096, out_features=10, bias=False)
    )
  )
)
 Adam (
Parameter Group 0
    amsgrad: True
    betas: (0.9, 0.999)
    eps: 1e-08
    lr: 0.0001
    weight_decay: 0.0005
) test_loss: 0.0381 | 163.3750 | 163.4131, test_acc: 0.9914, best: 0.9914 time: 0:02:44
 Highest accuracy: 0.9914
 Average number of spikes: 388038.4468