
 Run on time: 2021-04-19 21:55:18.968334

 Arguments: 
	 gpu                  : True
	 seed                 : 0
	 dataset              : MNIST
	 batch_size           : 64
	 architecture         : VGG5
	 learning_rate        : 0.0001
	 pretrained_ann       : ./trained_models/ann/ann_vgg5_mnist.pth
	 pretrained_snn       : 
	 test_only            : False
	 log                  : True
	 epochs               : 100
	 lr_interval          : [60, 80, 90]
	 lr_reduce            : 10
	 timesteps            : 50
	 leak                 : 1.0
	 scaling_factor       : 0.7
	 default_threshold    : 1.0
	 activation           : Linear
	 alpha                : 0.3
	 beta                 : 0.01
	 optimizer            : Adam
	 weight_decay         : 0.0005
	 momentum             : 0.95
	 amsgrad              : True
	 dropout              : 0.3
	 kernel_size          : 3
	 test_acc_every_batch : False
	 train_acc_batches    : 200
	 devices              : 0
 Success: Loaded module.features.0.weight from ./trained_models/ann/ann_vgg5_mnist.pth
 Success: Loaded module.features.3.weight from ./trained_models/ann/ann_vgg5_mnist.pth
 Success: Loaded module.features.6.weight from ./trained_models/ann/ann_vgg5_mnist.pth
 Success: Loaded module.classifier.0.weight from ./trained_models/ann/ann_vgg5_mnist.pth
 Success: Loaded module.classifier.3.weight from ./trained_models/ann/ann_vgg5_mnist.pth
 Success: Loaded module.classifier.6.weight from ./trained_models/ann/ann_vgg5_mnist.pth
 Info: Accuracy of loaded ANN model: 0.9943
 Info: Thresholds loaded from trained ANN: [4.427586555480957, 1.8205935955047607, 4.868785858154297, 0.15613077580928802, 0.7132057547569275]
 DataParallel(
  (module): VGG_SNN_STDB(
    (input_layer): PoissonGenerator()
    (features): Sequential(
      (0): Conv2d(1, 64, kernel_size=(3, 3), stride=(1, 1), padding=(1, 1), bias=False)
      (1): ReLU(inplace=True)
      (2): AvgPool2d(kernel_size=2, stride=2, padding=0)
      (3): Conv2d(64, 128, kernel_size=(3, 3), stride=(1, 1), padding=(1, 1), bias=False)
      (4): ReLU(inplace=True)
      (5): Dropout(p=0.3, inplace=False)
      (6): Conv2d(128, 128, kernel_size=(3, 3), stride=(1, 1), padding=(1, 1), bias=False)
      (7): ReLU(inplace=True)
      (8): AvgPool2d(kernel_size=2, stride=2, padding=0)
    )
    (classifier): Sequential(
      (0): Linear(in_features=6272, out_features=4096, bias=False)
      (1): ReLU(inplace=True)
      (2): Dropout(p=0.5, inplace=False)
      (3): Linear(in_features=4096, out_features=4096, bias=False)
      (4): ReLU(inplace=True)
      (5): Dropout(p=0.5, inplace=False)
      (6): Linear(in_features=4096, out_features=10, bias=False)
    )
  )
)
 Adam (
Parameter Group 0
    amsgrad: True
    betas: (0.9, 0.999)
    eps: 1e-08
    lr: 0.0001
    weight_decay: 0.0005
)
Epoch: 1, batch: 200, train_loss: 0.5126, train_acc: 0.9828, threshold: [3.1, 1.27, 3.41, 0.11, 0.5], leak: 1.0, timesteps: 50
Epoch: 1, batch: 400, train_loss: 0.3432, train_acc: 0.9853, threshold: [3.1, 1.27, 3.41, 0.11, 0.5], leak: 1.0, timesteps: 50
Epoch: 1, batch: 600, train_loss: 0.2666, train_acc: 0.9866, threshold: [3.1, 1.27, 3.41, 0.11, 0.5], leak: 1.0, timesteps: 50
Epoch: 1, batch: 800, train_loss: 0.2195, train_acc: 0.9874, threshold: [3.1, 1.27, 3.41, 0.11, 0.5], leak: 1.0, timesteps: 50
Epoch: 1, lr: 1.0e-04, train_loss: 0.1980, train_acc: 0.9878 test_loss: 0.0722, test_acc: 0.9903, best: 0.9903 time: 0:30:40
Epoch: 2, batch: 200, train_loss: 0.0281, train_acc: 0.9941, threshold: [3.1, 1.27, 3.41, 0.11, 0.5], leak: 1.0, timesteps: 50
Epoch: 2, batch: 400, train_loss: 0.0318, train_acc: 0.9938, threshold: [3.1, 1.27, 3.41, 0.11, 0.5], leak: 1.0, timesteps: 50
Epoch: 2, batch: 600, train_loss: 0.0291, train_acc: 0.9939, threshold: [3.1, 1.27, 3.41, 0.11, 0.5], leak: 1.0, timesteps: 50
Epoch: 2, batch: 800, train_loss: 0.0276, train_acc: 0.9942, threshold: [3.1, 1.27, 3.41, 0.11, 0.5], leak: 1.0, timesteps: 50
Epoch: 2, lr: 1.0e-04, train_loss: 0.0266, train_acc: 0.9942 test_loss: 0.0499, test_acc: 0.9910, best: 0.9910 time: 0:30:49
Epoch: 3, batch: 200, train_loss: 0.0196, train_acc: 0.9953, threshold: [3.1, 1.27, 3.41, 0.11, 0.5], leak: 1.0, timesteps: 50
Epoch: 3, batch: 400, train_loss: 0.0193, train_acc: 0.9955, threshold: [3.1, 1.27, 3.41, 0.11, 0.5], leak: 1.0, timesteps: 50
Epoch: 3, batch: 600, train_loss: 0.0192, train_acc: 0.9955, threshold: [3.1, 1.27, 3.41, 0.11, 0.5], leak: 1.0, timesteps: 50
Epoch: 3, batch: 800, train_loss: 0.0187, train_acc: 0.9956, threshold: [3.1, 1.27, 3.41, 0.11, 0.5], leak: 1.0, timesteps: 50
Epoch: 3, lr: 1.0e-04, train_loss: 0.0184, train_acc: 0.9957 test_loss: 0.0503, test_acc: 0.9905, best: 0.9910 time: 0:30:41
Epoch: 4, batch: 200, train_loss: 0.0137, train_acc: 0.9966, threshold: [3.1, 1.27, 3.41, 0.11, 0.5], leak: 1.0, timesteps: 50
Epoch: 4, batch: 400, train_loss: 0.0124, train_acc: 0.9968, threshold: [3.1, 1.27, 3.41, 0.11, 0.5], leak: 1.0, timesteps: 50
Epoch: 4, batch: 600, train_loss: 0.0128, train_acc: 0.9965, threshold: [3.1, 1.27, 3.41, 0.11, 0.5], leak: 1.0, timesteps: 50
Epoch: 4, batch: 800, train_loss: 0.0127, train_acc: 0.9965, threshold: [3.1, 1.27, 3.41, 0.11, 0.5], leak: 1.0, timesteps: 50
Epoch: 4, lr: 1.0e-04, train_loss: 0.0131, train_acc: 0.9964 test_loss: 0.0431, test_acc: 0.9918, best: 0.9918 time: 0:30:49
Epoch: 5, batch: 200, train_loss: 0.0085, train_acc: 0.9971, threshold: [3.1, 1.27, 3.41, 0.11, 0.5], leak: 1.0, timesteps: 50
Epoch: 5, batch: 400, train_loss: 0.0088, train_acc: 0.9973, threshold: [3.1, 1.27, 3.41, 0.11, 0.5], leak: 1.0, timesteps: 50
Epoch: 5, batch: 600, train_loss: 0.0084, train_acc: 0.9975, threshold: [3.1, 1.27, 3.41, 0.11, 0.5], leak: 1.0, timesteps: 50
Epoch: 5, batch: 800, train_loss: 0.0092, train_acc: 0.9973, threshold: [3.1, 1.27, 3.41, 0.11, 0.5], leak: 1.0, timesteps: 50
Epoch: 5, lr: 1.0e-04, train_loss: 0.0090, train_acc: 0.9974 test_loss: 0.0424, test_acc: 0.9914, best: 0.9918 time: 0:30:42
Epoch: 6, batch: 200, train_loss: 0.0075, train_acc: 0.9983, threshold: [3.1, 1.27, 3.41, 0.11, 0.5], leak: 1.0, timesteps: 50
Epoch: 6, batch: 400, train_loss: 0.0079, train_acc: 0.9980, threshold: [3.1, 1.27, 3.41, 0.11, 0.5], leak: 1.0, timesteps: 50
Epoch: 6, batch: 600, train_loss: 0.0094, train_acc: 0.9977, threshold: [3.1, 1.27, 3.41, 0.11, 0.5], leak: 1.0, timesteps: 50
Epoch: 6, batch: 800, train_loss: 0.0090, train_acc: 0.9977, threshold: [3.1, 1.27, 3.41, 0.11, 0.5], leak: 1.0, timesteps: 50
Epoch: 6, lr: 1.0e-04, train_loss: 0.0087, train_acc: 0.9977 test_loss: 0.0397, test_acc: 0.9914, best: 0.9918 time: 0:30:41
Epoch: 7, batch: 200, train_loss: 0.0074, train_acc: 0.9973, threshold: [3.1, 1.27, 3.41, 0.11, 0.5], leak: 1.0, timesteps: 50
Epoch: 7, batch: 400, train_loss: 0.0073, train_acc: 0.9975, threshold: [3.1, 1.27, 3.41, 0.11, 0.5], leak: 1.0, timesteps: 50
Epoch: 7, batch: 600, train_loss: 0.0072, train_acc: 0.9977, threshold: [3.1, 1.27, 3.41, 0.11, 0.5], leak: 1.0, timesteps: 50
Epoch: 7, batch: 800, train_loss: 0.0071, train_acc: 0.9977, threshold: [3.1, 1.27, 3.41, 0.11, 0.5], leak: 1.0, timesteps: 50
Epoch: 7, lr: 1.0e-04, train_loss: 0.0073, train_acc: 0.9977 test_loss: 0.0385, test_acc: 0.9925, best: 0.9925 time: 0:30:48
Epoch: 8, batch: 200, train_loss: 0.0064, train_acc: 0.9978, threshold: [3.1, 1.27, 3.41, 0.11, 0.5], leak: 1.0, timesteps: 50
Epoch: 8, batch: 400, train_loss: 0.0060, train_acc: 0.9980, threshold: [3.1, 1.27, 3.41, 0.11, 0.5], leak: 1.0, timesteps: 50
Epoch: 8, batch: 600, train_loss: 0.0062, train_acc: 0.9979, threshold: [3.1, 1.27, 3.41, 0.11, 0.5], leak: 1.0, timesteps: 50
Epoch: 8, batch: 800, train_loss: 0.0063, train_acc: 0.9979, threshold: [3.1, 1.27, 3.41, 0.11, 0.5], leak: 1.0, timesteps: 50
Epoch: 8, lr: 1.0e-04, train_loss: 0.0066, train_acc: 0.9979 test_loss: 0.0364, test_acc: 0.9925, best: 0.9925 time: 0:30:40
Epoch: 9, batch: 200, train_loss: 0.0059, train_acc: 0.9982, threshold: [3.1, 1.27, 3.41, 0.11, 0.5], leak: 1.0, timesteps: 50
Epoch: 9, batch: 400, train_loss: 0.0055, train_acc: 0.9983, threshold: [3.1, 1.27, 3.41, 0.11, 0.5], leak: 1.0, timesteps: 50
Epoch: 9, batch: 600, train_loss: 0.0054, train_acc: 0.9983, threshold: [3.1, 1.27, 3.41, 0.11, 0.5], leak: 1.0, timesteps: 50
Epoch: 9, batch: 800, train_loss: 0.0052, train_acc: 0.9984, threshold: [3.1, 1.27, 3.41, 0.11, 0.5], leak: 1.0, timesteps: 50
Epoch: 9, lr: 1.0e-04, train_loss: 0.0056, train_acc: 0.9983 test_loss: 0.0432, test_acc: 0.9922, best: 0.9925 time: 0:30:41
Epoch: 10, batch: 200, train_loss: 0.0066, train_acc: 0.9984, threshold: [3.1, 1.27, 3.41, 0.11, 0.5], leak: 1.0, timesteps: 50
Epoch: 10, batch: 400, train_loss: 0.0056, train_acc: 0.9983, threshold: [3.1, 1.27, 3.41, 0.11, 0.5], leak: 1.0, timesteps: 50
Epoch: 10, batch: 600, train_loss: 0.0055, train_acc: 0.9985, threshold: [3.1, 1.27, 3.41, 0.11, 0.5], leak: 1.0, timesteps: 50
Epoch: 10, batch: 800, train_loss: 0.0059, train_acc: 0.9985, threshold: [3.1, 1.27, 3.41, 0.11, 0.5], leak: 1.0, timesteps: 50
Epoch: 10, lr: 1.0e-04, train_loss: 0.0059, train_acc: 0.9985 test_loss: 0.0392, test_acc: 0.9926, best: 0.9926 time: 0:30:48
Epoch: 11, batch: 200, train_loss: 0.0038, train_acc: 0.9989, threshold: [3.1, 1.27, 3.41, 0.11, 0.5], leak: 1.0, timesteps: 50
Epoch: 11, batch: 400, train_loss: 0.0039, train_acc: 0.9989, threshold: [3.1, 1.27, 3.41, 0.11, 0.5], leak: 1.0, timesteps: 50
Epoch: 11, batch: 600, train_loss: 0.0041, train_acc: 0.9988, threshold: [3.1, 1.27, 3.41, 0.11, 0.5], leak: 1.0, timesteps: 50
Epoch: 11, batch: 800, train_loss: 0.0041, train_acc: 0.9987, threshold: [3.1, 1.27, 3.41, 0.11, 0.5], leak: 1.0, timesteps: 50
Epoch: 11, lr: 1.0e-04, train_loss: 0.0042, train_acc: 0.9986 test_loss: 0.0413, test_acc: 0.9927, best: 0.9927 time: 0:30:48
Epoch: 12, batch: 200, train_loss: 0.0029, train_acc: 0.9988, threshold: [3.1, 1.27, 3.41, 0.11, 0.5], leak: 1.0, timesteps: 50
Epoch: 12, batch: 400, train_loss: 0.0027, train_acc: 0.9989, threshold: [3.1, 1.27, 3.41, 0.11, 0.5], leak: 1.0, timesteps: 50
Epoch: 12, batch: 600, train_loss: 0.0030, train_acc: 0.9989, threshold: [3.1, 1.27, 3.41, 0.11, 0.5], leak: 1.0, timesteps: 50
Epoch: 12, batch: 800, train_loss: 0.0033, train_acc: 0.9988, threshold: [3.1, 1.27, 3.41, 0.11, 0.5], leak: 1.0, timesteps: 50
Epoch: 12, lr: 1.0e-04, train_loss: 0.0034, train_acc: 0.9988 test_loss: 0.0423, test_acc: 0.9925, best: 0.9927 time: 0:30:40
Epoch: 13, batch: 200, train_loss: 0.0036, train_acc: 0.9988, threshold: [3.1, 1.27, 3.41, 0.11, 0.5], leak: 1.0, timesteps: 50
Epoch: 13, batch: 400, train_loss: 0.0031, train_acc: 0.9991, threshold: [3.1, 1.27, 3.41, 0.11, 0.5], leak: 1.0, timesteps: 50
Epoch: 13, batch: 600, train_loss: 0.0030, train_acc: 0.9991, threshold: [3.1, 1.27, 3.41, 0.11, 0.5], leak: 1.0, timesteps: 50
Epoch: 13, batch: 800, train_loss: 0.0030, train_acc: 0.9990, threshold: [3.1, 1.27, 3.41, 0.11, 0.5], leak: 1.0, timesteps: 50
Epoch: 13, lr: 1.0e-04, train_loss: 0.0031, train_acc: 0.9990 test_loss: 0.0422, test_acc: 0.9919, best: 0.9927 time: 0:30:41
Epoch: 14, batch: 200, train_loss: 0.0047, train_acc: 0.9987, threshold: [3.1, 1.27, 3.41, 0.11, 0.5], leak: 1.0, timesteps: 50
Epoch: 14, batch: 400, train_loss: 0.0041, train_acc: 0.9988, threshold: [3.1, 1.27, 3.41, 0.11, 0.5], leak: 1.0, timesteps: 50
Epoch: 14, batch: 600, train_loss: 0.0036, train_acc: 0.9989, threshold: [3.1, 1.27, 3.41, 0.11, 0.5], leak: 1.0, timesteps: 50
Epoch: 14, batch: 800, train_loss: 0.0033, train_acc: 0.9990, threshold: [3.1, 1.27, 3.41, 0.11, 0.5], leak: 1.0, timesteps: 50
Epoch: 14, lr: 1.0e-04, train_loss: 0.0033, train_acc: 0.9990 test_loss: 0.0431, test_acc: 0.9923, best: 0.9927 time: 0:30:41
Epoch: 15, batch: 200, train_loss: 0.0033, train_acc: 0.9988, threshold: [3.1, 1.27, 3.41, 0.11, 0.5], leak: 1.0, timesteps: 50
Epoch: 15, batch: 400, train_loss: 0.0025, train_acc: 0.9991, threshold: [3.1, 1.27, 3.41, 0.11, 0.5], leak: 1.0, timesteps: 50
Epoch: 15, batch: 600, train_loss: 0.0034, train_acc: 0.9989, threshold: [3.1, 1.27, 3.41, 0.11, 0.5], leak: 1.0, timesteps: 50
Epoch: 15, batch: 800, train_loss: 0.0035, train_acc: 0.9988, threshold: [3.1, 1.27, 3.41, 0.11, 0.5], leak: 1.0, timesteps: 50
Epoch: 15, lr: 1.0e-04, train_loss: 0.0034, train_acc: 0.9988 test_loss: 0.0428, test_acc: 0.9929, best: 0.9929 time: 0:30:49
Epoch: 16, batch: 200, train_loss: 0.0028, train_acc: 0.9991, threshold: [3.1, 1.27, 3.41, 0.11, 0.5], leak: 1.0, timesteps: 50
Epoch: 16, batch: 400, train_loss: 0.0031, train_acc: 0.9988, threshold: [3.1, 1.27, 3.41, 0.11, 0.5], leak: 1.0, timesteps: 50
Epoch: 16, batch: 600, train_loss: 0.0030, train_acc: 0.9988, threshold: [3.1, 1.27, 3.41, 0.11, 0.5], leak: 1.0, timesteps: 50
Epoch: 16, batch: 800, train_loss: 0.0025, train_acc: 0.9990, threshold: [3.1, 1.27, 3.41, 0.11, 0.5], leak: 1.0, timesteps: 50
Epoch: 16, lr: 1.0e-04, train_loss: 0.0027, train_acc: 0.9990 test_loss: 0.0433, test_acc: 0.9925, best: 0.9929 time: 0:30:40
Epoch: 17, batch: 200, train_loss: 0.0024, train_acc: 0.9989, threshold: [3.1, 1.27, 3.41, 0.11, 0.5], leak: 1.0, timesteps: 50
Epoch: 17, batch: 400, train_loss: 0.0035, train_acc: 0.9989, threshold: [3.1, 1.27, 3.41, 0.11, 0.5], leak: 1.0, timesteps: 50
Epoch: 17, batch: 600, train_loss: 0.0036, train_acc: 0.9988, threshold: [3.1, 1.27, 3.41, 0.11, 0.5], leak: 1.0, timesteps: 50
Epoch: 17, batch: 800, train_loss: 0.0038, train_acc: 0.9988, threshold: [3.1, 1.27, 3.41, 0.11, 0.5], leak: 1.0, timesteps: 50
Epoch: 17, lr: 1.0e-04, train_loss: 0.0036, train_acc: 0.9989 test_loss: 0.0386, test_acc: 0.9933, best: 0.9933 time: 0:30:50
Epoch: 18, batch: 200, train_loss: 0.0028, train_acc: 0.9991, threshold: [3.1, 1.27, 3.41, 0.11, 0.5], leak: 1.0, timesteps: 50
Epoch: 18, batch: 400, train_loss: 0.0021, train_acc: 0.9993, threshold: [3.1, 1.27, 3.41, 0.11, 0.5], leak: 1.0, timesteps: 50
Epoch: 18, batch: 600, train_loss: 0.0021, train_acc: 0.9993, threshold: [3.1, 1.27, 3.41, 0.11, 0.5], leak: 1.0, timesteps: 50
Epoch: 18, batch: 800, train_loss: 0.0024, train_acc: 0.9993, threshold: [3.1, 1.27, 3.41, 0.11, 0.5], leak: 1.0, timesteps: 50
Epoch: 18, lr: 1.0e-04, train_loss: 0.0027, train_acc: 0.9992 test_loss: 0.0388, test_acc: 0.9932, best: 0.9933 time: 0:30:41
Epoch: 19, batch: 200, train_loss: 0.0019, train_acc: 0.9992, threshold: [3.1, 1.27, 3.41, 0.11, 0.5], leak: 1.0, timesteps: 50
Epoch: 19, batch: 400, train_loss: 0.0016, train_acc: 0.9994, threshold: [3.1, 1.27, 3.41, 0.11, 0.5], leak: 1.0, timesteps: 50
Epoch: 19, batch: 600, train_loss: 0.0017, train_acc: 0.9993, threshold: [3.1, 1.27, 3.41, 0.11, 0.5], leak: 1.0, timesteps: 50
Epoch: 19, batch: 800, train_loss: 0.0016, train_acc: 0.9993, threshold: [3.1, 1.27, 3.41, 0.11, 0.5], leak: 1.0, timesteps: 50
Epoch: 19, lr: 1.0e-04, train_loss: 0.0017, train_acc: 0.9993 test_loss: 0.0427, test_acc: 0.9938, best: 0.9938 time: 0:30:49
Epoch: 20, batch: 200, train_loss: 0.0023, train_acc: 0.9992, threshold: [3.1, 1.27, 3.41, 0.11, 0.5], leak: 1.0, timesteps: 50
Epoch: 20, batch: 400, train_loss: 0.0019, train_acc: 0.9994, threshold: [3.1, 1.27, 3.41, 0.11, 0.5], leak: 1.0, timesteps: 50
Epoch: 20, batch: 600, train_loss: 0.0022, train_acc: 0.9992, threshold: [3.1, 1.27, 3.41, 0.11, 0.5], leak: 1.0, timesteps: 50
Epoch: 20, batch: 800, train_loss: 0.0025, train_acc: 0.9992, threshold: [3.1, 1.27, 3.41, 0.11, 0.5], leak: 1.0, timesteps: 50
Epoch: 20, lr: 1.0e-04, train_loss: 0.0024, train_acc: 0.9992 test_loss: 0.0391, test_acc: 0.9937, best: 0.9938 time: 0:30:42
Epoch: 21, batch: 200, train_loss: 0.0025, train_acc: 0.9991, threshold: [3.1, 1.27, 3.41, 0.11, 0.5], leak: 1.0, timesteps: 50
Epoch: 21, batch: 400, train_loss: 0.0024, train_acc: 0.9993, threshold: [3.1, 1.27, 3.41, 0.11, 0.5], leak: 1.0, timesteps: 50
Epoch: 21, batch: 600, train_loss: 0.0021, train_acc: 0.9993, threshold: [3.1, 1.27, 3.41, 0.11, 0.5], leak: 1.0, timesteps: 50
Epoch: 21, batch: 800, train_loss: 0.0023, train_acc: 0.9993, threshold: [3.1, 1.27, 3.41, 0.11, 0.5], leak: 1.0, timesteps: 50
Epoch: 21, lr: 1.0e-04, train_loss: 0.0020, train_acc: 0.9994 test_loss: 0.0400, test_acc: 0.9931, best: 0.9938 time: 0:30:43
Epoch: 22, batch: 200, train_loss: 0.0020, train_acc: 0.9991, threshold: [3.1, 1.27, 3.41, 0.11, 0.5], leak: 1.0, timesteps: 50
Epoch: 22, batch: 400, train_loss: 0.0018, train_acc: 0.9992, threshold: [3.1, 1.27, 3.41, 0.11, 0.5], leak: 1.0, timesteps: 50
Epoch: 22, batch: 600, train_loss: 0.0017, train_acc: 0.9992, threshold: [3.1, 1.27, 3.41, 0.11, 0.5], leak: 1.0, timesteps: 50
Epoch: 22, batch: 800, train_loss: 0.0020, train_acc: 0.9992, threshold: [3.1, 1.27, 3.41, 0.11, 0.5], leak: 1.0, timesteps: 50
Epoch: 22, lr: 1.0e-04, train_loss: 0.0022, train_acc: 0.9991 test_loss: 0.0448, test_acc: 0.9926, best: 0.9938 time: 0:30:42
Epoch: 23, batch: 200, train_loss: 0.0019, train_acc: 0.9996, threshold: [3.1, 1.27, 3.41, 0.11, 0.5], leak: 1.0, timesteps: 50
Epoch: 23, batch: 400, train_loss: 0.0022, train_acc: 0.9995, threshold: [3.1, 1.27, 3.41, 0.11, 0.5], leak: 1.0, timesteps: 50
Epoch: 23, batch: 600, train_loss: 0.0022, train_acc: 0.9993, threshold: [3.1, 1.27, 3.41, 0.11, 0.5], leak: 1.0, timesteps: 50
Epoch: 23, batch: 800, train_loss: 0.0019, train_acc: 0.9994, threshold: [3.1, 1.27, 3.41, 0.11, 0.5], leak: 1.0, timesteps: 50
Epoch: 23, lr: 1.0e-04, train_loss: 0.0020, train_acc: 0.9994 test_loss: 0.0403, test_acc: 0.9933, best: 0.9938 time: 0:30:42
Epoch: 24, batch: 200, train_loss: 0.0016, train_acc: 0.9998, threshold: [3.1, 1.27, 3.41, 0.11, 0.5], leak: 1.0, timesteps: 50
Epoch: 24, batch: 400, train_loss: 0.0012, train_acc: 0.9998, threshold: [3.1, 1.27, 3.41, 0.11, 0.5], leak: 1.0, timesteps: 50
Epoch: 24, batch: 600, train_loss: 0.0016, train_acc: 0.9996, threshold: [3.1, 1.27, 3.41, 0.11, 0.5], leak: 1.0, timesteps: 50
Epoch: 24, batch: 800, train_loss: 0.0015, train_acc: 0.9996, threshold: [3.1, 1.27, 3.41, 0.11, 0.5], leak: 1.0, timesteps: 50
Epoch: 24, lr: 1.0e-04, train_loss: 0.0013, train_acc: 0.9996 test_loss: 0.0397, test_acc: 0.9930, best: 0.9938 time: 0:30:42
Epoch: 25, batch: 200, train_loss: 0.0005, train_acc: 1.0000, threshold: [3.1, 1.27, 3.41, 0.11, 0.5], leak: 1.0, timesteps: 50
Epoch: 25, batch: 400, train_loss: 0.0008, train_acc: 0.9997, threshold: [3.1, 1.27, 3.41, 0.11, 0.5], leak: 1.0, timesteps: 50
Epoch: 25, batch: 600, train_loss: 0.0009, train_acc: 0.9997, threshold: [3.1, 1.27, 3.41, 0.11, 0.5], leak: 1.0, timesteps: 50
Epoch: 25, batch: 800, train_loss: 0.0011, train_acc: 0.9996, threshold: [3.1, 1.27, 3.41, 0.11, 0.5], leak: 1.0, timesteps: 50
Epoch: 25, lr: 1.0e-04, train_loss: 0.0012, train_acc: 0.9995 test_loss: 0.0405, test_acc: 0.9930, best: 0.9938 time: 0:30:43
Epoch: 26, batch: 200, train_loss: 0.0015, train_acc: 0.9995, threshold: [3.1, 1.27, 3.41, 0.11, 0.5], leak: 1.0, timesteps: 50
Epoch: 26, batch: 400, train_loss: 0.0016, train_acc: 0.9994, threshold: [3.1, 1.27, 3.41, 0.11, 0.5], leak: 1.0, timesteps: 50
Epoch: 26, batch: 600, train_loss: 0.0014, train_acc: 0.9995, threshold: [3.1, 1.27, 3.41, 0.11, 0.5], leak: 1.0, timesteps: 50
Epoch: 26, batch: 800, train_loss: 0.0013, train_acc: 0.9995, threshold: [3.1, 1.27, 3.41, 0.11, 0.5], leak: 1.0, timesteps: 50
Epoch: 26, lr: 1.0e-04, train_loss: 0.0016, train_acc: 0.9995 test_loss: 0.0440, test_acc: 0.9932, best: 0.9938 time: 0:30:42
Epoch: 27, batch: 200, train_loss: 0.0018, train_acc: 0.9993, threshold: [3.1, 1.27, 3.41, 0.11, 0.5], leak: 1.0, timesteps: 50
Epoch: 27, batch: 400, train_loss: 0.0017, train_acc: 0.9993, threshold: [3.1, 1.27, 3.41, 0.11, 0.5], leak: 1.0, timesteps: 50
Epoch: 27, batch: 600, train_loss: 0.0017, train_acc: 0.9994, threshold: [3.1, 1.27, 3.41, 0.11, 0.5], leak: 1.0, timesteps: 50
Epoch: 27, batch: 800, train_loss: 0.0016, train_acc: 0.9994, threshold: [3.1, 1.27, 3.41, 0.11, 0.5], leak: 1.0, timesteps: 50
Epoch: 27, lr: 1.0e-04, train_loss: 0.0015, train_acc: 0.9994 test_loss: 0.0411, test_acc: 0.9932, best: 0.9938 time: 0:30:41
Epoch: 28, batch: 200, train_loss: 0.0013, train_acc: 0.9996, threshold: [3.1, 1.27, 3.41, 0.11, 0.5], leak: 1.0, timesteps: 50
Epoch: 28, batch: 400, train_loss: 0.0013, train_acc: 0.9996, threshold: [3.1, 1.27, 3.41, 0.11, 0.5], leak: 1.0, timesteps: 50
Epoch: 28, batch: 600, train_loss: 0.0012, train_acc: 0.9996, threshold: [3.1, 1.27, 3.41, 0.11, 0.5], leak: 1.0, timesteps: 50
Epoch: 28, batch: 800, train_loss: 0.0013, train_acc: 0.9996, threshold: [3.1, 1.27, 3.41, 0.11, 0.5], leak: 1.0, timesteps: 50
Epoch: 28, lr: 1.0e-04, train_loss: 0.0015, train_acc: 0.9995 test_loss: 0.0393, test_acc: 0.9936, best: 0.9938 time: 0:30:42
Epoch: 29, batch: 200, train_loss: 0.0008, train_acc: 0.9995, threshold: [3.1, 1.27, 3.41, 0.11, 0.5], leak: 1.0, timesteps: 50
Epoch: 29, batch: 400, train_loss: 0.0014, train_acc: 0.9994, threshold: [3.1, 1.27, 3.41, 0.11, 0.5], leak: 1.0, timesteps: 50
Epoch: 29, batch: 600, train_loss: 0.0016, train_acc: 0.9993, threshold: [3.1, 1.27, 3.41, 0.11, 0.5], leak: 1.0, timesteps: 50
Epoch: 29, batch: 800, train_loss: 0.0018, train_acc: 0.9993, threshold: [3.1, 1.27, 3.41, 0.11, 0.5], leak: 1.0, timesteps: 50
Epoch: 29, lr: 1.0e-04, train_loss: 0.0018, train_acc: 0.9993 test_loss: 0.0421, test_acc: 0.9926, best: 0.9938 time: 0:30:42
Epoch: 30, batch: 200, train_loss: 0.0009, train_acc: 0.9998, threshold: [3.1, 1.27, 3.41, 0.11, 0.5], leak: 1.0, timesteps: 50
Epoch: 30, batch: 400, train_loss: 0.0012, train_acc: 0.9997, threshold: [3.1, 1.27, 3.41, 0.11, 0.5], leak: 1.0, timesteps: 50
Epoch: 30, batch: 600, train_loss: 0.0015, train_acc: 0.9996, threshold: [3.1, 1.27, 3.41, 0.11, 0.5], leak: 1.0, timesteps: 50
Epoch: 30, batch: 800, train_loss: 0.0014, train_acc: 0.9996, threshold: [3.1, 1.27, 3.41, 0.11, 0.5], leak: 1.0, timesteps: 50
Epoch: 30, lr: 1.0e-04, train_loss: 0.0014, train_acc: 0.9996 test_loss: 0.0417, test_acc: 0.9925, best: 0.9938 time: 0:30:43
Epoch: 31, batch: 200, train_loss: 0.0015, train_acc: 0.9998, threshold: [3.1, 1.27, 3.41, 0.11, 0.5], leak: 1.0, timesteps: 50
Epoch: 31, batch: 400, train_loss: 0.0011, train_acc: 0.9997, threshold: [3.1, 1.27, 3.41, 0.11, 0.5], leak: 1.0, timesteps: 50
Epoch: 31, batch: 600, train_loss: 0.0010, train_acc: 0.9997, threshold: [3.1, 1.27, 3.41, 0.11, 0.5], leak: 1.0, timesteps: 50
Epoch: 31, batch: 800, train_loss: 0.0012, train_acc: 0.9997, threshold: [3.1, 1.27, 3.41, 0.11, 0.5], leak: 1.0, timesteps: 50
Epoch: 31, lr: 1.0e-04, train_loss: 0.0012, train_acc: 0.9996 test_loss: 0.0427, test_acc: 0.9927, best: 0.9938 time: 0:30:43
Epoch: 32, batch: 200, train_loss: 0.0011, train_acc: 0.9996, threshold: [3.1, 1.27, 3.41, 0.11, 0.5], leak: 1.0, timesteps: 50
Epoch: 32, batch: 400, train_loss: 0.0012, train_acc: 0.9995, threshold: [3.1, 1.27, 3.41, 0.11, 0.5], leak: 1.0, timesteps: 50
Epoch: 32, batch: 600, train_loss: 0.0016, train_acc: 0.9995, threshold: [3.1, 1.27, 3.41, 0.11, 0.5], leak: 1.0, timesteps: 50
Epoch: 32, batch: 800, train_loss: 0.0018, train_acc: 0.9994, threshold: [3.1, 1.27, 3.41, 0.11, 0.5], leak: 1.0, timesteps: 50
Epoch: 32, lr: 1.0e-04, train_loss: 0.0017, train_acc: 0.9994 test_loss: 0.0395, test_acc: 0.9936, best: 0.9938 time: 0:30:48
Epoch: 33, batch: 200, train_loss: 0.0035, train_acc: 0.9991, threshold: [3.1, 1.27, 3.41, 0.11, 0.5], leak: 1.0, timesteps: 50
Epoch: 33, batch: 400, train_loss: 0.0024, train_acc: 0.9995, threshold: [3.1, 1.27, 3.41, 0.11, 0.5], leak: 1.0, timesteps: 50
Epoch: 33, batch: 600, train_loss: 0.0020, train_acc: 0.9996, threshold: [3.1, 1.27, 3.41, 0.11, 0.5], leak: 1.0, timesteps: 50
Epoch: 33, batch: 800, train_loss: 0.0019, train_acc: 0.9995, threshold: [3.1, 1.27, 3.41, 0.11, 0.5], leak: 1.0, timesteps: 50
Epoch: 33, lr: 1.0e-04, train_loss: 0.0019, train_acc: 0.9995 test_loss: 0.0398, test_acc: 0.9934, best: 0.9938 time: 0:30:48
Epoch: 34, batch: 200, train_loss: 0.0005, train_acc: 0.9998, threshold: [3.1, 1.27, 3.41, 0.11, 0.5], leak: 1.0, timesteps: 50
Epoch: 34, batch: 400, train_loss: 0.0006, train_acc: 0.9998, threshold: [3.1, 1.27, 3.41, 0.11, 0.5], leak: 1.0, timesteps: 50
Epoch: 34, batch: 600, train_loss: 0.0008, train_acc: 0.9997, threshold: [3.1, 1.27, 3.41, 0.11, 0.5], leak: 1.0, timesteps: 50
Epoch: 34, batch: 800, train_loss: 0.0010, train_acc: 0.9997, threshold: [3.1, 1.27, 3.41, 0.11, 0.5], leak: 1.0, timesteps: 50
Epoch: 34, lr: 1.0e-04, train_loss: 0.0010, train_acc: 0.9997 test_loss: 0.0404, test_acc: 0.9933, best: 0.9938 time: 0:30:53
Epoch: 35, batch: 200, train_loss: 0.0004, train_acc: 0.9998, threshold: [3.1, 1.27, 3.41, 0.11, 0.5], leak: 1.0, timesteps: 50
Epoch: 35, batch: 400, train_loss: 0.0005, train_acc: 0.9998, threshold: [3.1, 1.27, 3.41, 0.11, 0.5], leak: 1.0, timesteps: 50
Epoch: 35, batch: 600, train_loss: 0.0005, train_acc: 0.9998, threshold: [3.1, 1.27, 3.41, 0.11, 0.5], leak: 1.0, timesteps: 50
Epoch: 35, batch: 800, train_loss: 0.0006, train_acc: 0.9998, threshold: [3.1, 1.27, 3.41, 0.11, 0.5], leak: 1.0, timesteps: 50
Epoch: 35, lr: 1.0e-04, train_loss: 0.0006, train_acc: 0.9999 test_loss: 0.0396, test_acc: 0.9932, best: 0.9938 time: 0:30:47
Epoch: 36, batch: 200, train_loss: 0.0003, train_acc: 0.9999, threshold: [3.1, 1.27, 3.41, 0.11, 0.5], leak: 1.0, timesteps: 50
Epoch: 36, batch: 400, train_loss: 0.0009, train_acc: 0.9996, threshold: [3.1, 1.27, 3.41, 0.11, 0.5], leak: 1.0, timesteps: 50
Epoch: 36, batch: 600, train_loss: 0.0009, train_acc: 0.9997, threshold: [3.1, 1.27, 3.41, 0.11, 0.5], leak: 1.0, timesteps: 50
Epoch: 36, batch: 800, train_loss: 0.0008, train_acc: 0.9997, threshold: [3.1, 1.27, 3.41, 0.11, 0.5], leak: 1.0, timesteps: 50
Epoch: 36, lr: 1.0e-04, train_loss: 0.0008, train_acc: 0.9997 test_loss: 0.0385, test_acc: 0.9938, best: 0.9938 time: 0:30:47
Epoch: 37, batch: 200, train_loss: 0.0013, train_acc: 0.9996, threshold: [3.1, 1.27, 3.41, 0.11, 0.5], leak: 1.0, timesteps: 50
Epoch: 37, batch: 400, train_loss: 0.0008, train_acc: 0.9997, threshold: [3.1, 1.27, 3.41, 0.11, 0.5], leak: 1.0, timesteps: 50
Epoch: 37, batch: 600, train_loss: 0.0009, train_acc: 0.9997, threshold: [3.1, 1.27, 3.41, 0.11, 0.5], leak: 1.0, timesteps: 50
Epoch: 37, batch: 800, train_loss: 0.0009, train_acc: 0.9997, threshold: [3.1, 1.27, 3.41, 0.11, 0.5], leak: 1.0, timesteps: 50
Epoch: 37, lr: 1.0e-04, train_loss: 0.0010, train_acc: 0.9997 test_loss: 0.0411, test_acc: 0.9924, best: 0.9938 time: 0:30:46
Epoch: 38, batch: 200, train_loss: 0.0010, train_acc: 0.9996, threshold: [3.1, 1.27, 3.41, 0.11, 0.5], leak: 1.0, timesteps: 50
Epoch: 38, batch: 400, train_loss: 0.0007, train_acc: 0.9997, threshold: [3.1, 1.27, 3.41, 0.11, 0.5], leak: 1.0, timesteps: 50
Epoch: 38, batch: 600, train_loss: 0.0008, train_acc: 0.9997, threshold: [3.1, 1.27, 3.41, 0.11, 0.5], leak: 1.0, timesteps: 50
Epoch: 38, batch: 800, train_loss: 0.0008, train_acc: 0.9998, threshold: [3.1, 1.27, 3.41, 0.11, 0.5], leak: 1.0, timesteps: 50
Epoch: 38, lr: 1.0e-04, train_loss: 0.0010, train_acc: 0.9997 test_loss: 0.0435, test_acc: 0.9927, best: 0.9938 time: 0:30:48
Epoch: 39, batch: 200, train_loss: 0.0003, train_acc: 1.0000, threshold: [3.1, 1.27, 3.41, 0.11, 0.5], leak: 1.0, timesteps: 50
Epoch: 39, batch: 400, train_loss: 0.0012, train_acc: 0.9998, threshold: [3.1, 1.27, 3.41, 0.11, 0.5], leak: 1.0, timesteps: 50
Epoch: 39, batch: 600, train_loss: 0.0011, train_acc: 0.9997, threshold: [3.1, 1.27, 3.41, 0.11, 0.5], leak: 1.0, timesteps: 50
Epoch: 39, batch: 800, train_loss: 0.0012, train_acc: 0.9997, threshold: [3.1, 1.27, 3.41, 0.11, 0.5], leak: 1.0, timesteps: 50
Epoch: 39, lr: 1.0e-04, train_loss: 0.0013, train_acc: 0.9996 test_loss: 0.0394, test_acc: 0.9936, best: 0.9938 time: 0:30:45
Epoch: 40, batch: 200, train_loss: 0.0026, train_acc: 0.9995, threshold: [3.1, 1.27, 3.41, 0.11, 0.5], leak: 1.0, timesteps: 50
Epoch: 40, batch: 400, train_loss: 0.0018, train_acc: 0.9995, threshold: [3.1, 1.27, 3.41, 0.11, 0.5], leak: 1.0, timesteps: 50
Epoch: 40, batch: 600, train_loss: 0.0017, train_acc: 0.9996, threshold: [3.1, 1.27, 3.41, 0.11, 0.5], leak: 1.0, timesteps: 50
Epoch: 40, batch: 800, train_loss: 0.0016, train_acc: 0.9996, threshold: [3.1, 1.27, 3.41, 0.11, 0.5], leak: 1.0, timesteps: 50
Epoch: 40, lr: 1.0e-04, train_loss: 0.0015, train_acc: 0.9996 test_loss: 0.0407, test_acc: 0.9930, best: 0.9938 time: 0:30:46
Epoch: 41, batch: 200, train_loss: 0.0006, train_acc: 0.9998, threshold: [3.1, 1.27, 3.41, 0.11, 0.5], leak: 1.0, timesteps: 50
Epoch: 41, batch: 400, train_loss: 0.0005, train_acc: 0.9998, threshold: [3.1, 1.27, 3.41, 0.11, 0.5], leak: 1.0, timesteps: 50
Epoch: 41, batch: 600, train_loss: 0.0008, train_acc: 0.9997, threshold: [3.1, 1.27, 3.41, 0.11, 0.5], leak: 1.0, timesteps: 50
Epoch: 41, batch: 800, train_loss: 0.0011, train_acc: 0.9997, threshold: [3.1, 1.27, 3.41, 0.11, 0.5], leak: 1.0, timesteps: 50
Epoch: 41, lr: 1.0e-04, train_loss: 0.0011, train_acc: 0.9996 test_loss: 0.0445, test_acc: 0.9925, best: 0.9938 time: 0:30:47
Epoch: 42, batch: 200, train_loss: 0.0015, train_acc: 0.9998, threshold: [3.1, 1.27, 3.41, 0.11, 0.5], leak: 1.0, timesteps: 50
Epoch: 42, batch: 400, train_loss: 0.0012, train_acc: 0.9997, threshold: [3.1, 1.27, 3.41, 0.11, 0.5], leak: 1.0, timesteps: 50
Epoch: 42, batch: 600, train_loss: 0.0010, train_acc: 0.9998, threshold: [3.1, 1.27, 3.41, 0.11, 0.5], leak: 1.0, timesteps: 50
Epoch: 42, batch: 800, train_loss: 0.0009, train_acc: 0.9998, threshold: [3.1, 1.27, 3.41, 0.11, 0.5], leak: 1.0, timesteps: 50
Epoch: 42, lr: 1.0e-04, train_loss: 0.0009, train_acc: 0.9998 test_loss: 0.0407, test_acc: 0.9930, best: 0.9938 time: 0:30:51
Epoch: 43, batch: 200, train_loss: 0.0010, train_acc: 0.9996, threshold: [3.1, 1.27, 3.41, 0.11, 0.5], leak: 1.0, timesteps: 50
Epoch: 43, batch: 400, train_loss: 0.0010, train_acc: 0.9997, threshold: [3.1, 1.27, 3.41, 0.11, 0.5], leak: 1.0, timesteps: 50
Epoch: 43, batch: 600, train_loss: 0.0011, train_acc: 0.9997, threshold: [3.1, 1.27, 3.41, 0.11, 0.5], leak: 1.0, timesteps: 50
Epoch: 43, batch: 800, train_loss: 0.0013, train_acc: 0.9996, threshold: [3.1, 1.27, 3.41, 0.11, 0.5], leak: 1.0, timesteps: 50
Epoch: 43, lr: 1.0e-04, train_loss: 0.0012, train_acc: 0.9996 test_loss: 0.0417, test_acc: 0.9934, best: 0.9938 time: 0:30:47
Epoch: 44, batch: 200, train_loss: 0.0013, train_acc: 0.9995, threshold: [3.1, 1.27, 3.41, 0.11, 0.5], leak: 1.0, timesteps: 50
Epoch: 44, batch: 400, train_loss: 0.0013, train_acc: 0.9996, threshold: [3.1, 1.27, 3.41, 0.11, 0.5], leak: 1.0, timesteps: 50
Epoch: 44, batch: 600, train_loss: 0.0012, train_acc: 0.9997, threshold: [3.1, 1.27, 3.41, 0.11, 0.5], leak: 1.0, timesteps: 50
Epoch: 44, batch: 800, train_loss: 0.0010, train_acc: 0.9997, threshold: [3.1, 1.27, 3.41, 0.11, 0.5], leak: 1.0, timesteps: 50
Epoch: 44, lr: 1.0e-04, train_loss: 0.0011, train_acc: 0.9997 test_loss: 0.0411, test_acc: 0.9933, best: 0.9938 time: 0:30:47
Epoch: 45, batch: 200, train_loss: 0.0002, train_acc: 1.0000, threshold: [3.1, 1.27, 3.41, 0.11, 0.5], leak: 1.0, timesteps: 50
Epoch: 45, batch: 400, train_loss: 0.0006, train_acc: 0.9998, threshold: [3.1, 1.27, 3.41, 0.11, 0.5], leak: 1.0, timesteps: 50
Epoch: 45, batch: 600, train_loss: 0.0009, train_acc: 0.9998, threshold: [3.1, 1.27, 3.41, 0.11, 0.5], leak: 1.0, timesteps: 50
Epoch: 45, batch: 800, train_loss: 0.0009, train_acc: 0.9998, threshold: [3.1, 1.27, 3.41, 0.11, 0.5], leak: 1.0, timesteps: 50
Epoch: 45, lr: 1.0e-04, train_loss: 0.0008, train_acc: 0.9998 test_loss: 0.0423, test_acc: 0.9933, best: 0.9938 time: 0:30:51
Epoch: 46, batch: 200, train_loss: 0.0009, train_acc: 0.9998, threshold: [3.1, 1.27, 3.41, 0.11, 0.5], leak: 1.0, timesteps: 50
Epoch: 46, batch: 400, train_loss: 0.0008, train_acc: 0.9998, threshold: [3.1, 1.27, 3.41, 0.11, 0.5], leak: 1.0, timesteps: 50
Epoch: 46, batch: 600, train_loss: 0.0007, train_acc: 0.9997, threshold: [3.1, 1.27, 3.41, 0.11, 0.5], leak: 1.0, timesteps: 50
Epoch: 46, batch: 800, train_loss: 0.0008, train_acc: 0.9997, threshold: [3.1, 1.27, 3.41, 0.11, 0.5], leak: 1.0, timesteps: 50
Epoch: 46, lr: 1.0e-04, train_loss: 0.0008, train_acc: 0.9998 test_loss: 0.0453, test_acc: 0.9931, best: 0.9938 time: 0:30:52
Epoch: 47, batch: 200, train_loss: 0.0007, train_acc: 0.9997, threshold: [3.1, 1.27, 3.41, 0.11, 0.5], leak: 1.0, timesteps: 50
Epoch: 47, batch: 400, train_loss: 0.0008, train_acc: 0.9997, threshold: [3.1, 1.27, 3.41, 0.11, 0.5], leak: 1.0, timesteps: 50
Epoch: 47, batch: 600, train_loss: 0.0008, train_acc: 0.9997, threshold: [3.1, 1.27, 3.41, 0.11, 0.5], leak: 1.0, timesteps: 50
Epoch: 47, batch: 800, train_loss: 0.0009, train_acc: 0.9997, threshold: [3.1, 1.27, 3.41, 0.11, 0.5], leak: 1.0, timesteps: 50
Epoch: 47, lr: 1.0e-04, train_loss: 0.0009, train_acc: 0.9997 test_loss: 0.0422, test_acc: 0.9936, best: 0.9938 time: 0:30:45
Epoch: 48, batch: 200, train_loss: 0.0005, train_acc: 0.9998, threshold: [3.1, 1.27, 3.41, 0.11, 0.5], leak: 1.0, timesteps: 50
Epoch: 48, batch: 400, train_loss: 0.0006, train_acc: 0.9997, threshold: [3.1, 1.27, 3.41, 0.11, 0.5], leak: 1.0, timesteps: 50
Epoch: 48, batch: 600, train_loss: 0.0005, train_acc: 0.9998, threshold: [3.1, 1.27, 3.41, 0.11, 0.5], leak: 1.0, timesteps: 50
Epoch: 48, batch: 800, train_loss: 0.0006, train_acc: 0.9998, threshold: [3.1, 1.27, 3.41, 0.11, 0.5], leak: 1.0, timesteps: 50
Epoch: 48, lr: 1.0e-04, train_loss: 0.0010, train_acc: 0.9997 test_loss: 0.0393, test_acc: 0.9935, best: 0.9938 time: 0:30:37
Epoch: 49, batch: 200, train_loss: 0.0007, train_acc: 0.9998, threshold: [3.1, 1.27, 3.41, 0.11, 0.5], leak: 1.0, timesteps: 50
Epoch: 49, batch: 400, train_loss: 0.0010, train_acc: 0.9997, threshold: [3.1, 1.27, 3.41, 0.11, 0.5], leak: 1.0, timesteps: 50
Epoch: 49, batch: 600, train_loss: 0.0007, train_acc: 0.9998, threshold: [3.1, 1.27, 3.41, 0.11, 0.5], leak: 1.0, timesteps: 50
Epoch: 49, batch: 800, train_loss: 0.0008, train_acc: 0.9997, threshold: [3.1, 1.27, 3.41, 0.11, 0.5], leak: 1.0, timesteps: 50
Epoch: 49, lr: 1.0e-04, train_loss: 0.0007, train_acc: 0.9998 test_loss: 0.0405, test_acc: 0.9935, best: 0.9938 time: 0:30:39
Epoch: 50, batch: 200, train_loss: 0.0006, train_acc: 0.9998, threshold: [3.1, 1.27, 3.41, 0.11, 0.5], leak: 1.0, timesteps: 50
Epoch: 50, batch: 400, train_loss: 0.0007, train_acc: 0.9997, threshold: [3.1, 1.27, 3.41, 0.11, 0.5], leak: 1.0, timesteps: 50
Epoch: 50, batch: 600, train_loss: 0.0009, train_acc: 0.9997, threshold: [3.1, 1.27, 3.41, 0.11, 0.5], leak: 1.0, timesteps: 50
Epoch: 50, batch: 800, train_loss: 0.0008, train_acc: 0.9997, threshold: [3.1, 1.27, 3.41, 0.11, 0.5], leak: 1.0, timesteps: 50
Epoch: 50, lr: 1.0e-04, train_loss: 0.0008, train_acc: 0.9998 test_loss: 0.0399, test_acc: 0.9936, best: 0.9938 time: 0:30:39
Epoch: 51, batch: 200, train_loss: 0.0011, train_acc: 0.9998, threshold: [3.1, 1.27, 3.41, 0.11, 0.5], leak: 1.0, timesteps: 50
Epoch: 51, batch: 400, train_loss: 0.0008, train_acc: 0.9998, threshold: [3.1, 1.27, 3.41, 0.11, 0.5], leak: 1.0, timesteps: 50
Epoch: 51, batch: 600, train_loss: 0.0007, train_acc: 0.9997, threshold: [3.1, 1.27, 3.41, 0.11, 0.5], leak: 1.0, timesteps: 50
Epoch: 51, batch: 800, train_loss: 0.0009, train_acc: 0.9997, threshold: [3.1, 1.27, 3.41, 0.11, 0.5], leak: 1.0, timesteps: 50
Epoch: 51, lr: 1.0e-04, train_loss: 0.0010, train_acc: 0.9997 test_loss: 0.0417, test_acc: 0.9932, best: 0.9938 time: 0:30:36
Epoch: 52, batch: 200, train_loss: 0.0004, train_acc: 0.9998, threshold: [3.1, 1.27, 3.41, 0.11, 0.5], leak: 1.0, timesteps: 50
Epoch: 52, batch: 400, train_loss: 0.0004, train_acc: 0.9998, threshold: [3.1, 1.27, 3.41, 0.11, 0.5], leak: 1.0, timesteps: 50
Epoch: 52, batch: 600, train_loss: 0.0005, train_acc: 0.9998, threshold: [3.1, 1.27, 3.41, 0.11, 0.5], leak: 1.0, timesteps: 50
Epoch: 52, batch: 800, train_loss: 0.0005, train_acc: 0.9998, threshold: [3.1, 1.27, 3.41, 0.11, 0.5], leak: 1.0, timesteps: 50
Epoch: 52, lr: 1.0e-04, train_loss: 0.0005, train_acc: 0.9998 test_loss: 0.0420, test_acc: 0.9932, best: 0.9938 time: 0:30:38
Epoch: 53, batch: 200, train_loss: 0.0006, train_acc: 0.9998, threshold: [3.1, 1.27, 3.41, 0.11, 0.5], leak: 1.0, timesteps: 50
Epoch: 53, batch: 400, train_loss: 0.0008, train_acc: 0.9997, threshold: [3.1, 1.27, 3.41, 0.11, 0.5], leak: 1.0, timesteps: 50
Epoch: 53, batch: 600, train_loss: 0.0008, train_acc: 0.9997, threshold: [3.1, 1.27, 3.41, 0.11, 0.5], leak: 1.0, timesteps: 50
Epoch: 53, batch: 800, train_loss: 0.0009, train_acc: 0.9997, threshold: [3.1, 1.27, 3.41, 0.11, 0.5], leak: 1.0, timesteps: 50
Epoch: 53, lr: 1.0e-04, train_loss: 0.0008, train_acc: 0.9997 test_loss: 0.0408, test_acc: 0.9937, best: 0.9938 time: 0:30:39
Epoch: 54, batch: 200, train_loss: 0.0003, train_acc: 0.9998, threshold: [3.1, 1.27, 3.41, 0.11, 0.5], leak: 1.0, timesteps: 50
Epoch: 54, batch: 400, train_loss: 0.0003, train_acc: 0.9999, threshold: [3.1, 1.27, 3.41, 0.11, 0.5], leak: 1.0, timesteps: 50
Epoch: 54, batch: 600, train_loss: 0.0009, train_acc: 0.9999, threshold: [3.1, 1.27, 3.41, 0.11, 0.5], leak: 1.0, timesteps: 50
Epoch: 54, batch: 800, train_loss: 0.0008, train_acc: 0.9999, threshold: [3.1, 1.27, 3.41, 0.11, 0.5], leak: 1.0, timesteps: 50
Epoch: 54, lr: 1.0e-04, train_loss: 0.0007, train_acc: 0.9999 test_loss: 0.0399, test_acc: 0.9937, best: 0.9938 time: 0:30:39
Epoch: 55, batch: 200, train_loss: 0.0006, train_acc: 0.9998, threshold: [3.1, 1.27, 3.41, 0.11, 0.5], leak: 1.0, timesteps: 50
Epoch: 55, batch: 400, train_loss: 0.0010, train_acc: 0.9997, threshold: [3.1, 1.27, 3.41, 0.11, 0.5], leak: 1.0, timesteps: 50
Epoch: 55, batch: 600, train_loss: 0.0009, train_acc: 0.9997, threshold: [3.1, 1.27, 3.41, 0.11, 0.5], leak: 1.0, timesteps: 50
Epoch: 55, batch: 800, train_loss: 0.0011, train_acc: 0.9996, threshold: [3.1, 1.27, 3.41, 0.11, 0.5], leak: 1.0, timesteps: 50
Epoch: 55, lr: 1.0e-04, train_loss: 0.0010, train_acc: 0.9997 test_loss: 0.0401, test_acc: 0.9935, best: 0.9938 time: 0:30:38
Epoch: 56, batch: 200, train_loss: 0.0003, train_acc: 0.9999, threshold: [3.1, 1.27, 3.41, 0.11, 0.5], leak: 1.0, timesteps: 50
Epoch: 56, batch: 400, train_loss: 0.0003, train_acc: 0.9999, threshold: [3.1, 1.27, 3.41, 0.11, 0.5], leak: 1.0, timesteps: 50
Epoch: 56, batch: 600, train_loss: 0.0004, train_acc: 0.9998, threshold: [3.1, 1.27, 3.41, 0.11, 0.5], leak: 1.0, timesteps: 50
Epoch: 56, batch: 800, train_loss: 0.0004, train_acc: 0.9998, threshold: [3.1, 1.27, 3.41, 0.11, 0.5], leak: 1.0, timesteps: 50
Epoch: 56, lr: 1.0e-04, train_loss: 0.0007, train_acc: 0.9998 test_loss: 0.0403, test_acc: 0.9937, best: 0.9938 time: 0:30:38
Epoch: 57, batch: 200, train_loss: 0.0007, train_acc: 0.9998, threshold: [3.1, 1.27, 3.41, 0.11, 0.5], leak: 1.0, timesteps: 50
Epoch: 57, batch: 400, train_loss: 0.0005, train_acc: 0.9998, threshold: [3.1, 1.27, 3.41, 0.11, 0.5], leak: 1.0, timesteps: 50
Epoch: 57, batch: 600, train_loss: 0.0005, train_acc: 0.9998, threshold: [3.1, 1.27, 3.41, 0.11, 0.5], leak: 1.0, timesteps: 50
Epoch: 57, batch: 800, train_loss: 0.0007, train_acc: 0.9998, threshold: [3.1, 1.27, 3.41, 0.11, 0.5], leak: 1.0, timesteps: 50
Epoch: 57, lr: 1.0e-04, train_loss: 0.0006, train_acc: 0.9998 test_loss: 0.0393, test_acc: 0.9931, best: 0.9938 time: 0:30:38
Epoch: 58, batch: 200, train_loss: 0.0002, train_acc: 0.9999, threshold: [3.1, 1.27, 3.41, 0.11, 0.5], leak: 1.0, timesteps: 50
Epoch: 58, batch: 400, train_loss: 0.0003, train_acc: 0.9999, threshold: [3.1, 1.27, 3.41, 0.11, 0.5], leak: 1.0, timesteps: 50
Epoch: 58, batch: 600, train_loss: 0.0002, train_acc: 0.9999, threshold: [3.1, 1.27, 3.41, 0.11, 0.5], leak: 1.0, timesteps: 50
Epoch: 58, batch: 800, train_loss: 0.0009, train_acc: 0.9998, threshold: [3.1, 1.27, 3.41, 0.11, 0.5], leak: 1.0, timesteps: 50
Epoch: 58, lr: 1.0e-04, train_loss: 0.0008, train_acc: 0.9998 test_loss: 0.0411, test_acc: 0.9935, best: 0.9938 time: 0:30:38
Epoch: 59, batch: 200, train_loss: 0.0009, train_acc: 0.9998, threshold: [3.1, 1.27, 3.41, 0.11, 0.5], leak: 1.0, timesteps: 50
Epoch: 59, batch: 400, train_loss: 0.0006, train_acc: 0.9998, threshold: [3.1, 1.27, 3.41, 0.11, 0.5], leak: 1.0, timesteps: 50
Epoch: 59, batch: 600, train_loss: 0.0005, train_acc: 0.9999, threshold: [3.1, 1.27, 3.41, 0.11, 0.5], leak: 1.0, timesteps: 50
Epoch: 59, batch: 800, train_loss: 0.0006, train_acc: 0.9998, threshold: [3.1, 1.27, 3.41, 0.11, 0.5], leak: 1.0, timesteps: 50
Epoch: 59, lr: 1.0e-04, train_loss: 0.0006, train_acc: 0.9998 test_loss: 0.0421, test_acc: 0.9932, best: 0.9938 time: 0:30:38
Epoch: 60, batch: 200, train_loss: 0.0013, train_acc: 0.9995, threshold: [3.1, 1.27, 3.41, 0.11, 0.5], leak: 1.0, timesteps: 50
Epoch: 60, batch: 400, train_loss: 0.0014, train_acc: 0.9995, threshold: [3.1, 1.27, 3.41, 0.11, 0.5], leak: 1.0, timesteps: 50
Epoch: 60, batch: 600, train_loss: 0.0011, train_acc: 0.9997, threshold: [3.1, 1.27, 3.41, 0.11, 0.5], leak: 1.0, timesteps: 50
Epoch: 60, batch: 800, train_loss: 0.0010, train_acc: 0.9997, threshold: [3.1, 1.27, 3.41, 0.11, 0.5], leak: 1.0, timesteps: 50
Epoch: 60, lr: 1.0e-05, train_loss: 0.0009, train_acc: 0.9997 test_loss: 0.0407, test_acc: 0.9928, best: 0.9938 time: 0:30:39
Epoch: 61, batch: 200, train_loss: 0.0006, train_acc: 0.9998, threshold: [3.1, 1.27, 3.41, 0.11, 0.5], leak: 1.0, timesteps: 50
Epoch: 61, batch: 400, train_loss: 0.0007, train_acc: 0.9998, threshold: [3.1, 1.27, 3.41, 0.11, 0.5], leak: 1.0, timesteps: 50
Epoch: 61, batch: 600, train_loss: 0.0007, train_acc: 0.9998, threshold: [3.1, 1.27, 3.41, 0.11, 0.5], leak: 1.0, timesteps: 50
Epoch: 61, batch: 800, train_loss: 0.0006, train_acc: 0.9998, threshold: [3.1, 1.27, 3.41, 0.11, 0.5], leak: 1.0, timesteps: 50
Epoch: 61, lr: 1.0e-05, train_loss: 0.0005, train_acc: 0.9998 test_loss: 0.0393, test_acc: 0.9934, best: 0.9938 time: 0:30:38
Epoch: 62, batch: 200, train_loss: 0.0002, train_acc: 1.0000, threshold: [3.1, 1.27, 3.41, 0.11, 0.5], leak: 1.0, timesteps: 50
Epoch: 62, batch: 400, train_loss: 0.0003, train_acc: 0.9999, threshold: [3.1, 1.27, 3.41, 0.11, 0.5], leak: 1.0, timesteps: 50
Epoch: 62, batch: 600, train_loss: 0.0003, train_acc: 0.9999, threshold: [3.1, 1.27, 3.41, 0.11, 0.5], leak: 1.0, timesteps: 50
Epoch: 62, batch: 800, train_loss: 0.0003, train_acc: 0.9999, threshold: [3.1, 1.27, 3.41, 0.11, 0.5], leak: 1.0, timesteps: 50
Epoch: 62, lr: 1.0e-05, train_loss: 0.0003, train_acc: 0.9999 test_loss: 0.0378, test_acc: 0.9935, best: 0.9938 time: 0:30:38
Epoch: 63, batch: 200, train_loss: 0.0003, train_acc: 0.9999, threshold: [3.1, 1.27, 3.41, 0.11, 0.5], leak: 1.0, timesteps: 50
Epoch: 63, batch: 400, train_loss: 0.0003, train_acc: 0.9999, threshold: [3.1, 1.27, 3.41, 0.11, 0.5], leak: 1.0, timesteps: 50
Epoch: 63, batch: 600, train_loss: 0.0003, train_acc: 0.9999, threshold: [3.1, 1.27, 3.41, 0.11, 0.5], leak: 1.0, timesteps: 50
Epoch: 63, batch: 800, train_loss: 0.0003, train_acc: 0.9999, threshold: [3.1, 1.27, 3.41, 0.11, 0.5], leak: 1.0, timesteps: 50
Epoch: 63, lr: 1.0e-05, train_loss: 0.0004, train_acc: 0.9999 test_loss: 0.0397, test_acc: 0.9933, best: 0.9938 time: 0:30:39
Epoch: 64, batch: 200, train_loss: 0.0012, train_acc: 0.9998, threshold: [3.1, 1.27, 3.41, 0.11, 0.5], leak: 1.0, timesteps: 50
Epoch: 64, batch: 400, train_loss: 0.0009, train_acc: 0.9998, threshold: [3.1, 1.27, 3.41, 0.11, 0.5], leak: 1.0, timesteps: 50
Epoch: 64, batch: 600, train_loss: 0.0009, train_acc: 0.9998, threshold: [3.1, 1.27, 3.41, 0.11, 0.5], leak: 1.0, timesteps: 50
Epoch: 64, batch: 800, train_loss: 0.0007, train_acc: 0.9998, threshold: [3.1, 1.27, 3.41, 0.11, 0.5], leak: 1.0, timesteps: 50
Epoch: 64, lr: 1.0e-05, train_loss: 0.0006, train_acc: 0.9998 test_loss: 0.0402, test_acc: 0.9937, best: 0.9938 time: 0:30:38
Epoch: 65, batch: 200, train_loss: 0.0004, train_acc: 0.9998, threshold: [3.1, 1.27, 3.41, 0.11, 0.5], leak: 1.0, timesteps: 50
Epoch: 65, batch: 400, train_loss: 0.0004, train_acc: 0.9998, threshold: [3.1, 1.27, 3.41, 0.11, 0.5], leak: 1.0, timesteps: 50
Epoch: 65, batch: 600, train_loss: 0.0003, train_acc: 0.9998, threshold: [3.1, 1.27, 3.41, 0.11, 0.5], leak: 1.0, timesteps: 50
Epoch: 65, batch: 800, train_loss: 0.0005, train_acc: 0.9998, threshold: [3.1, 1.27, 3.41, 0.11, 0.5], leak: 1.0, timesteps: 50
Epoch: 65, lr: 1.0e-05, train_loss: 0.0005, train_acc: 0.9998 test_loss: 0.0398, test_acc: 0.9937, best: 0.9938 time: 0:30:37
Epoch: 66, batch: 200, train_loss: 0.0003, train_acc: 0.9999, threshold: [3.1, 1.27, 3.41, 0.11, 0.5], leak: 1.0, timesteps: 50
Epoch: 66, batch: 400, train_loss: 0.0005, train_acc: 0.9999, threshold: [3.1, 1.27, 3.41, 0.11, 0.5], leak: 1.0, timesteps: 50
Epoch: 66, batch: 600, train_loss: 0.0004, train_acc: 0.9999, threshold: [3.1, 1.27, 3.41, 0.11, 0.5], leak: 1.0, timesteps: 50
Epoch: 66, batch: 800, train_loss: 0.0005, train_acc: 0.9999, threshold: [3.1, 1.27, 3.41, 0.11, 0.5], leak: 1.0, timesteps: 50
Epoch: 66, lr: 1.0e-05, train_loss: 0.0005, train_acc: 0.9998 test_loss: 0.0390, test_acc: 0.9935, best: 0.9938 time: 0:30:37
Epoch: 67, batch: 200, train_loss: 0.0003, train_acc: 0.9998, threshold: [3.1, 1.27, 3.41, 0.11, 0.5], leak: 1.0, timesteps: 50
Epoch: 67, batch: 400, train_loss: 0.0005, train_acc: 0.9998, threshold: [3.1, 1.27, 3.41, 0.11, 0.5], leak: 1.0, timesteps: 50
Epoch: 67, batch: 600, train_loss: 0.0005, train_acc: 0.9998, threshold: [3.1, 1.27, 3.41, 0.11, 0.5], leak: 1.0, timesteps: 50
Epoch: 67, batch: 800, train_loss: 0.0004, train_acc: 0.9999, threshold: [3.1, 1.27, 3.41, 0.11, 0.5], leak: 1.0, timesteps: 50
Epoch: 67, lr: 1.0e-05, train_loss: 0.0004, train_acc: 0.9999 test_loss: 0.0392, test_acc: 0.9936, best: 0.9938 time: 0:30:37
Epoch: 68, batch: 200, train_loss: 0.0003, train_acc: 0.9999, threshold: [3.1, 1.27, 3.41, 0.11, 0.5], leak: 1.0, timesteps: 50
Epoch: 68, batch: 400, train_loss: 0.0002, train_acc: 1.0000, threshold: [3.1, 1.27, 3.41, 0.11, 0.5], leak: 1.0, timesteps: 50
Epoch: 68, batch: 600, train_loss: 0.0002, train_acc: 1.0000, threshold: [3.1, 1.27, 3.41, 0.11, 0.5], leak: 1.0, timesteps: 50
Epoch: 68, batch: 800, train_loss: 0.0002, train_acc: 0.9999, threshold: [3.1, 1.27, 3.41, 0.11, 0.5], leak: 1.0, timesteps: 50
Epoch: 68, lr: 1.0e-05, train_loss: 0.0002, train_acc: 0.9999 test_loss: 0.0380, test_acc: 0.9942, best: 0.9942 time: 0:30:45
Epoch: 69, batch: 200, train_loss: 0.0004, train_acc: 0.9998, threshold: [3.1, 1.27, 3.41, 0.11, 0.5], leak: 1.0, timesteps: 50
Epoch: 69, batch: 400, train_loss: 0.0004, train_acc: 0.9998, threshold: [3.1, 1.27, 3.41, 0.11, 0.5], leak: 1.0, timesteps: 50
Epoch: 69, batch: 600, train_loss: 0.0003, train_acc: 0.9998, threshold: [3.1, 1.27, 3.41, 0.11, 0.5], leak: 1.0, timesteps: 50
Epoch: 69, batch: 800, train_loss: 0.0003, train_acc: 0.9999, threshold: [3.1, 1.27, 3.41, 0.11, 0.5], leak: 1.0, timesteps: 50
Epoch: 69, lr: 1.0e-05, train_loss: 0.0003, train_acc: 0.9999 test_loss: 0.0375, test_acc: 0.9938, best: 0.9942 time: 0:30:37
Epoch: 70, batch: 200, train_loss: 0.0003, train_acc: 0.9999, threshold: [3.1, 1.27, 3.41, 0.11, 0.5], leak: 1.0, timesteps: 50
Epoch: 70, batch: 400, train_loss: 0.0005, train_acc: 0.9999, threshold: [3.1, 1.27, 3.41, 0.11, 0.5], leak: 1.0, timesteps: 50
Epoch: 70, batch: 600, train_loss: 0.0004, train_acc: 0.9999, threshold: [3.1, 1.27, 3.41, 0.11, 0.5], leak: 1.0, timesteps: 50
Epoch: 70, batch: 800, train_loss: 0.0004, train_acc: 0.9999, threshold: [3.1, 1.27, 3.41, 0.11, 0.5], leak: 1.0, timesteps: 50
Epoch: 70, lr: 1.0e-05, train_loss: 0.0004, train_acc: 0.9999 test_loss: 0.0388, test_acc: 0.9937, best: 0.9942 time: 0:30:39
Epoch: 71, batch: 200, train_loss: 0.0002, train_acc: 0.9999, threshold: [3.1, 1.27, 3.41, 0.11, 0.5], leak: 1.0, timesteps: 50
Epoch: 71, batch: 400, train_loss: 0.0004, train_acc: 0.9999, threshold: [3.1, 1.27, 3.41, 0.11, 0.5], leak: 1.0, timesteps: 50
Epoch: 71, batch: 600, train_loss: 0.0004, train_acc: 0.9999, threshold: [3.1, 1.27, 3.41, 0.11, 0.5], leak: 1.0, timesteps: 50
Epoch: 71, batch: 800, train_loss: 0.0005, train_acc: 0.9999, threshold: [3.1, 1.27, 3.41, 0.11, 0.5], leak: 1.0, timesteps: 50
Epoch: 71, lr: 1.0e-05, train_loss: 0.0005, train_acc: 0.9999 test_loss: 0.0392, test_acc: 0.9935, best: 0.9942 time: 0:30:39
Epoch: 72, batch: 200, train_loss: 0.0004, train_acc: 0.9999, threshold: [3.1, 1.27, 3.41, 0.11, 0.5], leak: 1.0, timesteps: 50
Epoch: 72, batch: 400, train_loss: 0.0004, train_acc: 0.9999, threshold: [3.1, 1.27, 3.41, 0.11, 0.5], leak: 1.0, timesteps: 50
Epoch: 72, batch: 600, train_loss: 0.0004, train_acc: 0.9999, threshold: [3.1, 1.27, 3.41, 0.11, 0.5], leak: 1.0, timesteps: 50
Epoch: 72, batch: 800, train_loss: 0.0005, train_acc: 0.9999, threshold: [3.1, 1.27, 3.41, 0.11, 0.5], leak: 1.0, timesteps: 50
Epoch: 72, lr: 1.0e-05, train_loss: 0.0004, train_acc: 0.9999 test_loss: 0.0378, test_acc: 0.9935, best: 0.9942 time: 0:30:39
Epoch: 73, batch: 200, train_loss: 0.0006, train_acc: 0.9997, threshold: [3.1, 1.27, 3.41, 0.11, 0.5], leak: 1.0, timesteps: 50
Epoch: 73, batch: 400, train_loss: 0.0004, train_acc: 0.9998, threshold: [3.1, 1.27, 3.41, 0.11, 0.5], leak: 1.0, timesteps: 50
Epoch: 73, batch: 600, train_loss: 0.0004, train_acc: 0.9998, threshold: [3.1, 1.27, 3.41, 0.11, 0.5], leak: 1.0, timesteps: 50
Epoch: 73, batch: 800, train_loss: 0.0003, train_acc: 0.9999, threshold: [3.1, 1.27, 3.41, 0.11, 0.5], leak: 1.0, timesteps: 50
Epoch: 73, lr: 1.0e-05, train_loss: 0.0003, train_acc: 0.9999 test_loss: 0.0378, test_acc: 0.9937, best: 0.9942 time: 0:30:37
Epoch: 74, batch: 200, train_loss: 0.0001, train_acc: 1.0000, threshold: [3.1, 1.27, 3.41, 0.11, 0.5], leak: 1.0, timesteps: 50
Epoch: 74, batch: 400, train_loss: 0.0001, train_acc: 1.0000, threshold: [3.1, 1.27, 3.41, 0.11, 0.5], leak: 1.0, timesteps: 50
Epoch: 74, batch: 600, train_loss: 0.0001, train_acc: 1.0000, threshold: [3.1, 1.27, 3.41, 0.11, 0.5], leak: 1.0, timesteps: 50
Epoch: 74, batch: 800, train_loss: 0.0002, train_acc: 1.0000, threshold: [3.1, 1.27, 3.41, 0.11, 0.5], leak: 1.0, timesteps: 50
Epoch: 74, lr: 1.0e-05, train_loss: 0.0002, train_acc: 1.0000 test_loss: 0.0398, test_acc: 0.9936, best: 0.9942 time: 0:30:37
Epoch: 75, batch: 200, train_loss: 0.0002, train_acc: 1.0000, threshold: [3.1, 1.27, 3.41, 0.11, 0.5], leak: 1.0, timesteps: 50
Epoch: 75, batch: 400, train_loss: 0.0002, train_acc: 1.0000, threshold: [3.1, 1.27, 3.41, 0.11, 0.5], leak: 1.0, timesteps: 50
Epoch: 75, batch: 600, train_loss: 0.0002, train_acc: 1.0000, threshold: [3.1, 1.27, 3.41, 0.11, 0.5], leak: 1.0, timesteps: 50
Epoch: 75, batch: 800, train_loss: 0.0002, train_acc: 1.0000, threshold: [3.1, 1.27, 3.41, 0.11, 0.5], leak: 1.0, timesteps: 50
Epoch: 75, lr: 1.0e-05, train_loss: 0.0002, train_acc: 1.0000 test_loss: 0.0398, test_acc: 0.9934, best: 0.9942 time: 0:30:36
Epoch: 76, batch: 200, train_loss: 0.0005, train_acc: 0.9998, threshold: [3.1, 1.27, 3.41, 0.11, 0.5], leak: 1.0, timesteps: 50
Epoch: 76, batch: 400, train_loss: 0.0004, train_acc: 0.9998, threshold: [3.1, 1.27, 3.41, 0.11, 0.5], leak: 1.0, timesteps: 50
Epoch: 76, batch: 600, train_loss: 0.0004, train_acc: 0.9998, threshold: [3.1, 1.27, 3.41, 0.11, 0.5], leak: 1.0, timesteps: 50
Epoch: 76, batch: 800, train_loss: 0.0004, train_acc: 0.9998, threshold: [3.1, 1.27, 3.41, 0.11, 0.5], leak: 1.0, timesteps: 50
Epoch: 76, lr: 1.0e-05, train_loss: 0.0004, train_acc: 0.9999 test_loss: 0.0386, test_acc: 0.9935, best: 0.9942 time: 0:30:38
Epoch: 77, batch: 200, train_loss: 0.0006, train_acc: 0.9998, threshold: [3.1, 1.27, 3.41, 0.11, 0.5], leak: 1.0, timesteps: 50
Epoch: 77, batch: 400, train_loss: 0.0003, train_acc: 0.9999, threshold: [3.1, 1.27, 3.41, 0.11, 0.5], leak: 1.0, timesteps: 50
Epoch: 77, batch: 600, train_loss: 0.0004, train_acc: 0.9999, threshold: [3.1, 1.27, 3.41, 0.11, 0.5], leak: 1.0, timesteps: 50
Epoch: 77, batch: 800, train_loss: 0.0003, train_acc: 0.9999, threshold: [3.1, 1.27, 3.41, 0.11, 0.5], leak: 1.0, timesteps: 50
Epoch: 77, lr: 1.0e-05, train_loss: 0.0003, train_acc: 0.9999 test_loss: 0.0380, test_acc: 0.9939, best: 0.9942 time: 0:30:36
Epoch: 78, batch: 200, train_loss: 0.0002, train_acc: 1.0000, threshold: [3.1, 1.27, 3.41, 0.11, 0.5], leak: 1.0, timesteps: 50
Epoch: 78, batch: 400, train_loss: 0.0001, train_acc: 1.0000, threshold: [3.1, 1.27, 3.41, 0.11, 0.5], leak: 1.0, timesteps: 50
Epoch: 78, batch: 600, train_loss: 0.0002, train_acc: 1.0000, threshold: [3.1, 1.27, 3.41, 0.11, 0.5], leak: 1.0, timesteps: 50
Epoch: 78, batch: 800, train_loss: 0.0002, train_acc: 1.0000, threshold: [3.1, 1.27, 3.41, 0.11, 0.5], leak: 1.0, timesteps: 50
Epoch: 78, lr: 1.0e-05, train_loss: 0.0003, train_acc: 1.0000 test_loss: 0.0398, test_acc: 0.9937, best: 0.9942 time: 0:30:38
Epoch: 79, batch: 200, train_loss: 0.0002, train_acc: 0.9999, threshold: [3.1, 1.27, 3.41, 0.11, 0.5], leak: 1.0, timesteps: 50
Epoch: 79, batch: 400, train_loss: 0.0002, train_acc: 0.9999, threshold: [3.1, 1.27, 3.41, 0.11, 0.5], leak: 1.0, timesteps: 50
Epoch: 79, batch: 600, train_loss: 0.0004, train_acc: 0.9999, threshold: [3.1, 1.27, 3.41, 0.11, 0.5], leak: 1.0, timesteps: 50
Epoch: 79, batch: 800, train_loss: 0.0003, train_acc: 0.9999, threshold: [3.1, 1.27, 3.41, 0.11, 0.5], leak: 1.0, timesteps: 50
Epoch: 79, lr: 1.0e-05, train_loss: 0.0003, train_acc: 0.9999 test_loss: 0.0385, test_acc: 0.9938, best: 0.9942 time: 0:30:37
Epoch: 80, batch: 200, train_loss: 0.0003, train_acc: 0.9999, threshold: [3.1, 1.27, 3.41, 0.11, 0.5], leak: 1.0, timesteps: 50
Epoch: 80, batch: 400, train_loss: 0.0002, train_acc: 0.9999, threshold: [3.1, 1.27, 3.41, 0.11, 0.5], leak: 1.0, timesteps: 50
Epoch: 80, batch: 600, train_loss: 0.0003, train_acc: 0.9998, threshold: [3.1, 1.27, 3.41, 0.11, 0.5], leak: 1.0, timesteps: 50
Epoch: 80, batch: 800, train_loss: 0.0003, train_acc: 0.9999, threshold: [3.1, 1.27, 3.41, 0.11, 0.5], leak: 1.0, timesteps: 50
Epoch: 80, lr: 1.0e-06, train_loss: 0.0003, train_acc: 0.9999 test_loss: 0.0382, test_acc: 0.9939, best: 0.9942 time: 0:30:40
Epoch: 81, batch: 200, train_loss: 0.0002, train_acc: 0.9999, threshold: [3.1, 1.27, 3.41, 0.11, 0.5], leak: 1.0, timesteps: 50
Epoch: 81, batch: 400, train_loss: 0.0003, train_acc: 0.9999, threshold: [3.1, 1.27, 3.41, 0.11, 0.5], leak: 1.0, timesteps: 50
Epoch: 81, batch: 600, train_loss: 0.0003, train_acc: 0.9999, threshold: [3.1, 1.27, 3.41, 0.11, 0.5], leak: 1.0, timesteps: 50
Epoch: 81, batch: 800, train_loss: 0.0004, train_acc: 0.9999, threshold: [3.1, 1.27, 3.41, 0.11, 0.5], leak: 1.0, timesteps: 50
Epoch: 81, lr: 1.0e-06, train_loss: 0.0003, train_acc: 0.9999 test_loss: 0.0383, test_acc: 0.9938, best: 0.9942 time: 0:30:41
Epoch: 82, batch: 200, train_loss: 0.0002, train_acc: 0.9999, threshold: [3.1, 1.27, 3.41, 0.11, 0.5], leak: 1.0, timesteps: 50
Epoch: 82, batch: 400, train_loss: 0.0001, train_acc: 1.0000, threshold: [3.1, 1.27, 3.41, 0.11, 0.5], leak: 1.0, timesteps: 50
Epoch: 82, batch: 600, train_loss: 0.0001, train_acc: 1.0000, threshold: [3.1, 1.27, 3.41, 0.11, 0.5], leak: 1.0, timesteps: 50
Epoch: 82, batch: 800, train_loss: 0.0002, train_acc: 1.0000, threshold: [3.1, 1.27, 3.41, 0.11, 0.5], leak: 1.0, timesteps: 50
Epoch: 82, lr: 1.0e-06, train_loss: 0.0002, train_acc: 1.0000 test_loss: 0.0389, test_acc: 0.9935, best: 0.9942 time: 0:30:37
Epoch: 83, batch: 200, train_loss: 0.0004, train_acc: 0.9999, threshold: [3.1, 1.27, 3.41, 0.11, 0.5], leak: 1.0, timesteps: 50
Epoch: 83, batch: 400, train_loss: 0.0004, train_acc: 0.9999, threshold: [3.1, 1.27, 3.41, 0.11, 0.5], leak: 1.0, timesteps: 50
Epoch: 83, batch: 600, train_loss: 0.0004, train_acc: 0.9999, threshold: [3.1, 1.27, 3.41, 0.11, 0.5], leak: 1.0, timesteps: 50
Epoch: 83, batch: 800, train_loss: 0.0003, train_acc: 0.9999, threshold: [3.1, 1.27, 3.41, 0.11, 0.5], leak: 1.0, timesteps: 50
Epoch: 83, lr: 1.0e-06, train_loss: 0.0003, train_acc: 0.9999 test_loss: 0.0384, test_acc: 0.9937, best: 0.9942 time: 0:30:39
Epoch: 84, batch: 200, train_loss: 0.0003, train_acc: 0.9998, threshold: [3.1, 1.27, 3.41, 0.11, 0.5], leak: 1.0, timesteps: 50
Epoch: 84, batch: 400, train_loss: 0.0003, train_acc: 0.9999, threshold: [3.1, 1.27, 3.41, 0.11, 0.5], leak: 1.0, timesteps: 50
Epoch: 84, batch: 600, train_loss: 0.0002, train_acc: 0.9999, threshold: [3.1, 1.27, 3.41, 0.11, 0.5], leak: 1.0, timesteps: 50
Epoch: 84, batch: 800, train_loss: 0.0003, train_acc: 0.9999, threshold: [3.1, 1.27, 3.41, 0.11, 0.5], leak: 1.0, timesteps: 50
Epoch: 84, lr: 1.0e-06, train_loss: 0.0003, train_acc: 0.9999 test_loss: 0.0375, test_acc: 0.9938, best: 0.9942 time: 0:30:40
Epoch: 85, batch: 200, train_loss: 0.0003, train_acc: 0.9999, threshold: [3.1, 1.27, 3.41, 0.11, 0.5], leak: 1.0, timesteps: 50
Epoch: 85, batch: 400, train_loss: 0.0003, train_acc: 0.9999, threshold: [3.1, 1.27, 3.41, 0.11, 0.5], leak: 1.0, timesteps: 50
Epoch: 85, batch: 600, train_loss: 0.0002, train_acc: 0.9999, threshold: [3.1, 1.27, 3.41, 0.11, 0.5], leak: 1.0, timesteps: 50
Epoch: 85, batch: 800, train_loss: 0.0003, train_acc: 1.0000, threshold: [3.1, 1.27, 3.41, 0.11, 0.5], leak: 1.0, timesteps: 50
Epoch: 85, lr: 1.0e-06, train_loss: 0.0003, train_acc: 0.9999 test_loss: 0.0390, test_acc: 0.9934, best: 0.9942 time: 0:30:39
Epoch: 86, batch: 200, train_loss: 0.0001, train_acc: 1.0000, threshold: [3.1, 1.27, 3.41, 0.11, 0.5], leak: 1.0, timesteps: 50
Epoch: 86, batch: 400, train_loss: 0.0002, train_acc: 1.0000, threshold: [3.1, 1.27, 3.41, 0.11, 0.5], leak: 1.0, timesteps: 50
Epoch: 86, batch: 600, train_loss: 0.0002, train_acc: 0.9999, threshold: [3.1, 1.27, 3.41, 0.11, 0.5], leak: 1.0, timesteps: 50
Epoch: 86, batch: 800, train_loss: 0.0002, train_acc: 0.9999, threshold: [3.1, 1.27, 3.41, 0.11, 0.5], leak: 1.0, timesteps: 50
Epoch: 86, lr: 1.0e-06, train_loss: 0.0002, train_acc: 0.9999 test_loss: 0.0378, test_acc: 0.9940, best: 0.9942 time: 0:30:42
Epoch: 87, batch: 200, train_loss: 0.0003, train_acc: 1.0000, threshold: [3.1, 1.27, 3.41, 0.11, 0.5], leak: 1.0, timesteps: 50
Epoch: 87, batch: 400, train_loss: 0.0003, train_acc: 1.0000, threshold: [3.1, 1.27, 3.41, 0.11, 0.5], leak: 1.0, timesteps: 50
Epoch: 87, batch: 600, train_loss: 0.0002, train_acc: 1.0000, threshold: [3.1, 1.27, 3.41, 0.11, 0.5], leak: 1.0, timesteps: 50
Epoch: 87, batch: 800, train_loss: 0.0002, train_acc: 1.0000, threshold: [3.1, 1.27, 3.41, 0.11, 0.5], leak: 1.0, timesteps: 50
Epoch: 87, lr: 1.0e-06, train_loss: 0.0002, train_acc: 1.0000 test_loss: 0.0400, test_acc: 0.9937, best: 0.9942 time: 0:30:39
Epoch: 88, batch: 200, train_loss: 0.0001, train_acc: 1.0000, threshold: [3.1, 1.27, 3.41, 0.11, 0.5], leak: 1.0, timesteps: 50
Epoch: 88, batch: 400, train_loss: 0.0001, train_acc: 1.0000, threshold: [3.1, 1.27, 3.41, 0.11, 0.5], leak: 1.0, timesteps: 50
Epoch: 88, batch: 600, train_loss: 0.0002, train_acc: 0.9999, threshold: [3.1, 1.27, 3.41, 0.11, 0.5], leak: 1.0, timesteps: 50
Epoch: 88, batch: 800, train_loss: 0.0002, train_acc: 0.9999, threshold: [3.1, 1.27, 3.41, 0.11, 0.5], leak: 1.0, timesteps: 50
Epoch: 88, lr: 1.0e-06, train_loss: 0.0002, train_acc: 0.9999 test_loss: 0.0390, test_acc: 0.9935, best: 0.9942 time: 0:30:35
Epoch: 89, batch: 200, train_loss: 0.0005, train_acc: 0.9999, threshold: [3.1, 1.27, 3.41, 0.11, 0.5], leak: 1.0, timesteps: 50
Epoch: 89, batch: 400, train_loss: 0.0004, train_acc: 0.9999, threshold: [3.1, 1.27, 3.41, 0.11, 0.5], leak: 1.0, timesteps: 50
Epoch: 89, batch: 600, train_loss: 0.0003, train_acc: 0.9999, threshold: [3.1, 1.27, 3.41, 0.11, 0.5], leak: 1.0, timesteps: 50
Epoch: 89, batch: 800, train_loss: 0.0003, train_acc: 0.9999, threshold: [3.1, 1.27, 3.41, 0.11, 0.5], leak: 1.0, timesteps: 50
Epoch: 89, lr: 1.0e-06, train_loss: 0.0003, train_acc: 1.0000 test_loss: 0.0372, test_acc: 0.9937, best: 0.9942 time: 0:30:36
Epoch: 90, batch: 200, train_loss: 0.0003, train_acc: 0.9999, threshold: [3.1, 1.27, 3.41, 0.11, 0.5], leak: 1.0, timesteps: 50
Epoch: 90, batch: 400, train_loss: 0.0003, train_acc: 1.0000, threshold: [3.1, 1.27, 3.41, 0.11, 0.5], leak: 1.0, timesteps: 50
Epoch: 90, batch: 600, train_loss: 0.0004, train_acc: 0.9999, threshold: [3.1, 1.27, 3.41, 0.11, 0.5], leak: 1.0, timesteps: 50
Epoch: 90, batch: 800, train_loss: 0.0004, train_acc: 0.9999, threshold: [3.1, 1.27, 3.41, 0.11, 0.5], leak: 1.0, timesteps: 50
Epoch: 90, lr: 1.0e-07, train_loss: 0.0004, train_acc: 0.9999 test_loss: 0.0384, test_acc: 0.9937, best: 0.9942 time: 0:30:34
Epoch: 91, batch: 200, train_loss: 0.0004, train_acc: 0.9998, threshold: [3.1, 1.27, 3.41, 0.11, 0.5], leak: 1.0, timesteps: 50
Epoch: 91, batch: 400, train_loss: 0.0003, train_acc: 0.9999, threshold: [3.1, 1.27, 3.41, 0.11, 0.5], leak: 1.0, timesteps: 50
Epoch: 91, batch: 600, train_loss: 0.0003, train_acc: 0.9999, threshold: [3.1, 1.27, 3.41, 0.11, 0.5], leak: 1.0, timesteps: 50
Epoch: 91, batch: 800, train_loss: 0.0003, train_acc: 0.9999, threshold: [3.1, 1.27, 3.41, 0.11, 0.5], leak: 1.0, timesteps: 50
Epoch: 91, lr: 1.0e-07, train_loss: 0.0002, train_acc: 1.0000 test_loss: 0.0384, test_acc: 0.9934, best: 0.9942 time: 0:30:35
Epoch: 92, batch: 200, train_loss: 0.0003, train_acc: 0.9999, threshold: [3.1, 1.27, 3.41, 0.11, 0.5], leak: 1.0, timesteps: 50
Epoch: 92, batch: 400, train_loss: 0.0005, train_acc: 0.9998, threshold: [3.1, 1.27, 3.41, 0.11, 0.5], leak: 1.0, timesteps: 50
Epoch: 92, batch: 600, train_loss: 0.0004, train_acc: 0.9999, threshold: [3.1, 1.27, 3.41, 0.11, 0.5], leak: 1.0, timesteps: 50
Epoch: 92, batch: 800, train_loss: 0.0004, train_acc: 0.9999, threshold: [3.1, 1.27, 3.41, 0.11, 0.5], leak: 1.0, timesteps: 50
Epoch: 92, lr: 1.0e-07, train_loss: 0.0003, train_acc: 0.9999 test_loss: 0.0385, test_acc: 0.9936, best: 0.9942 time: 0:30:39
Epoch: 93, batch: 200, train_loss: 0.0002, train_acc: 1.0000, threshold: [3.1, 1.27, 3.41, 0.11, 0.5], leak: 1.0, timesteps: 50
Epoch: 93, batch: 400, train_loss: 0.0003, train_acc: 1.0000, threshold: [3.1, 1.27, 3.41, 0.11, 0.5], leak: 1.0, timesteps: 50
Epoch: 93, batch: 600, train_loss: 0.0003, train_acc: 0.9999, threshold: [3.1, 1.27, 3.41, 0.11, 0.5], leak: 1.0, timesteps: 50
Epoch: 93, batch: 800, train_loss: 0.0003, train_acc: 0.9999, threshold: [3.1, 1.27, 3.41, 0.11, 0.5], leak: 1.0, timesteps: 50
Epoch: 93, lr: 1.0e-07, train_loss: 0.0003, train_acc: 0.9999 test_loss: 0.0381, test_acc: 0.9936, best: 0.9942 time: 0:30:36
Epoch: 94, batch: 200, train_loss: 0.0003, train_acc: 0.9999, threshold: [3.1, 1.27, 3.41, 0.11, 0.5], leak: 1.0, timesteps: 50
Epoch: 94, batch: 400, train_loss: 0.0003, train_acc: 0.9999, threshold: [3.1, 1.27, 3.41, 0.11, 0.5], leak: 1.0, timesteps: 50
Epoch: 94, batch: 600, train_loss: 0.0003, train_acc: 0.9999, threshold: [3.1, 1.27, 3.41, 0.11, 0.5], leak: 1.0, timesteps: 50
Epoch: 94, batch: 800, train_loss: 0.0003, train_acc: 0.9999, threshold: [3.1, 1.27, 3.41, 0.11, 0.5], leak: 1.0, timesteps: 50
Epoch: 94, lr: 1.0e-07, train_loss: 0.0002, train_acc: 0.9999 test_loss: 0.0384, test_acc: 0.9939, best: 0.9942 time: 0:30:37
Epoch: 95, batch: 200, train_loss: 0.0002, train_acc: 1.0000, threshold: [3.1, 1.27, 3.41, 0.11, 0.5], leak: 1.0, timesteps: 50
Epoch: 95, batch: 400, train_loss: 0.0002, train_acc: 1.0000, threshold: [3.1, 1.27, 3.41, 0.11, 0.5], leak: 1.0, timesteps: 50
Epoch: 95, batch: 600, train_loss: 0.0002, train_acc: 1.0000, threshold: [3.1, 1.27, 3.41, 0.11, 0.5], leak: 1.0, timesteps: 50
Epoch: 95, batch: 800, train_loss: 0.0002, train_acc: 1.0000, threshold: [3.1, 1.27, 3.41, 0.11, 0.5], leak: 1.0, timesteps: 50
Epoch: 95, lr: 1.0e-07, train_loss: 0.0002, train_acc: 1.0000 test_loss: 0.0386, test_acc: 0.9939, best: 0.9942 time: 0:30:38
Epoch: 96, batch: 200, train_loss: 0.0001, train_acc: 1.0000, threshold: [3.1, 1.27, 3.41, 0.11, 0.5], leak: 1.0, timesteps: 50
Epoch: 96, batch: 400, train_loss: 0.0001, train_acc: 1.0000, threshold: [3.1, 1.27, 3.41, 0.11, 0.5], leak: 1.0, timesteps: 50
Epoch: 96, batch: 600, train_loss: 0.0002, train_acc: 1.0000, threshold: [3.1, 1.27, 3.41, 0.11, 0.5], leak: 1.0, timesteps: 50
Epoch: 96, batch: 800, train_loss: 0.0003, train_acc: 0.9999, threshold: [3.1, 1.27, 3.41, 0.11, 0.5], leak: 1.0, timesteps: 50
Epoch: 96, lr: 1.0e-07, train_loss: 0.0003, train_acc: 0.9999 test_loss: 0.0391, test_acc: 0.9938, best: 0.9942 time: 0:30:39
Epoch: 97, batch: 200, train_loss: 0.0001, train_acc: 1.0000, threshold: [3.1, 1.27, 3.41, 0.11, 0.5], leak: 1.0, timesteps: 50
Epoch: 97, batch: 400, train_loss: 0.0001, train_acc: 1.0000, threshold: [3.1, 1.27, 3.41, 0.11, 0.5], leak: 1.0, timesteps: 50
Epoch: 97, batch: 600, train_loss: 0.0002, train_acc: 1.0000, threshold: [3.1, 1.27, 3.41, 0.11, 0.5], leak: 1.0, timesteps: 50
Epoch: 97, batch: 800, train_loss: 0.0002, train_acc: 1.0000, threshold: [3.1, 1.27, 3.41, 0.11, 0.5], leak: 1.0, timesteps: 50
Epoch: 97, lr: 1.0e-07, train_loss: 0.0002, train_acc: 1.0000 test_loss: 0.0390, test_acc: 0.9932, best: 0.9942 time: 0:30:40
Epoch: 98, batch: 200, train_loss: 0.0005, train_acc: 0.9997, threshold: [3.1, 1.27, 3.41, 0.11, 0.5], leak: 1.0, timesteps: 50
Epoch: 98, batch: 400, train_loss: 0.0005, train_acc: 0.9998, threshold: [3.1, 1.27, 3.41, 0.11, 0.5], leak: 1.0, timesteps: 50
Epoch: 98, batch: 600, train_loss: 0.0006, train_acc: 0.9998, threshold: [3.1, 1.27, 3.41, 0.11, 0.5], leak: 1.0, timesteps: 50
Epoch: 98, batch: 800, train_loss: 0.0005, train_acc: 0.9998, threshold: [3.1, 1.27, 3.41, 0.11, 0.5], leak: 1.0, timesteps: 50
Epoch: 98, lr: 1.0e-07, train_loss: 0.0004, train_acc: 0.9999 test_loss: 0.0392, test_acc: 0.9936, best: 0.9942 time: 0:30:40
Epoch: 99, batch: 200, train_loss: 0.0004, train_acc: 0.9999, threshold: [3.1, 1.27, 3.41, 0.11, 0.5], leak: 1.0, timesteps: 50
Epoch: 99, batch: 400, train_loss: 0.0008, train_acc: 0.9998, threshold: [3.1, 1.27, 3.41, 0.11, 0.5], leak: 1.0, timesteps: 50
Epoch: 99, batch: 600, train_loss: 0.0006, train_acc: 0.9998, threshold: [3.1, 1.27, 3.41, 0.11, 0.5], leak: 1.0, timesteps: 50
Epoch: 99, batch: 800, train_loss: 0.0005, train_acc: 0.9999, threshold: [3.1, 1.27, 3.41, 0.11, 0.5], leak: 1.0, timesteps: 50
Epoch: 99, lr: 1.0e-07, train_loss: 0.0004, train_acc: 0.9999 test_loss: 0.0377, test_acc: 0.9940, best: 0.9942 time: 0:30:36
 Highest accuracy: 0.9942